12592 0.719368 7.78975 1.9797 3.41675 260.181 0.132672
318985 0.286553 2.31641 2.5783 0.863688 141.493 0.126151
548291 0.309117 2.96005 2.73791 0.435874 231.612 0.115297
598871 0.519007 3.34628 1.99538 0.413174 356.403 0.11763
1125105 0.225585 2.36319 2.99883 0.310308 165.804 0.125233
1165498 0.404458 3.08929 2.33005 0.382169 281.088 0.125452
1241413 0.507488 5.36803 2.46779 1.42672 93.1575 0.137066
1373799 0.367295 3.18985 2.52492 1.28023 250.986 0.133804
1550416 0.403435 3.13037 2.34719 0.38643 88.7306 0.145149
1553074 0.590279 4.58577 2.01579 1.7192 279.442 0.130227
1554011 0.304578 2.07874 2.37204 0.797538 114.239 0.133122
1896107 0.387689 2.91504 2.34187 2.10229 75.2256 0.144292
1976577 0.626866 5.74152 2.07314 2.25368 63.8247 0.122917
1982770 0.309102 3.04345 2.77183 0.601827 155.429 0.141237
2103288 0.332477 2.62474 2.47994 0.537559 140.789 0.147783
2382749 0.402712 3.88422 2.57707 0.973026 106.701 0.120442
2538027 0.28918 2.18997 2.50268 0.710261 227.877 0.139084
2835126 0.210887 3.11833 3.54242 2.59262 235.993 0.146729
2866764 0.301285 2.39516 2.53673 0.446371 104.509 0.112639
2924362 0.379506 4.05353 2.74005 0.756044 122.299 0.124895
2995670 0.409858 5.08017 2.86272 1.30763 217.375 0.140828
3133880 0.385804 2.31831 2.13801 1.02484 120.533 0.145199
3239063 0.396916 4.15327 2.68159 2.26964 116.322 0.131177
3377723 0.269354 2.05393 2.54004 1.79445 267.785 0.134118
3402217 0.41964 4.82303 2.74783 0.521479 325.558 0.142861
3638549 0.623128 7.1777 2.28505 1.1373 56.3771 0.138936
3691413 0.385443 2.89285 2.34367 0.889482 246.267 0.113293
3740007 0.374524 2.80768 2.35994 1.83015 116.176 0.129061
3856939 0.25349 2.28566 2.75889 0.3642 118.279 0.130753
4017790 0.689032 7.67053 2.08378 1.30399 47.0695 0.15671
4050523 0.278817 3.83707 3.28713 0.383473 137.728 0.124765
4155981 0.589123 4.6604 2.03241 0.959225 79.1932 0.128149
4463974 0.468705 4.01289 2.33005 2.13299 126.465 0.137514
4842780 0.411244 2.41851 2.08394 0.711915 88.5512 0.144367
4901193 0.255862 3.4099 3.28597 1.47611 177.673 0.121221
5107610 0.261121 2.14063 2.63393 1.59006 142.481 0.134668
5485744 0.308491 2.49806 2.54558 1.04908 107.066 0.113455
5609744 0.421242 2.42299 2.05168 0.373944 42.8591 0.114076
5731899 0.410781 2.37515 2.07057 0.940682 248.21 0.119481
5845496 0.289492 2.35916 2.58273 2.40246 89.3926 0.129854
6124728 0.407564 2.80016 2.22501 0.584711 267.556 0.139855
6394933 0.446952 4.60439 2.56471 2.12561 108.112 0.118029
6398294 0.265062 2.20385 2.64404 1.67061 127.501 0.1379
6404217 0.421607 3.8227 2.4748 0.542359 293.775 0.134682
6452597 0.423809 5.99826 3.00588 0.763465 113.909 0.130459
6485507 0.307282 3.59803 2.99859 1.12345 216.576 0.127748
6807144 0.443769 2.48108 1.99755 0.572216 101.702 0.132146
7220338 0.662384 5.93506 1.97622 1.01371 91.9324 0.131077
7315944 0.378485 3.71794 2.64303 0.578776 234.369 0.104337
8013400 0.426312 5.09897 2.78245 0.602899 59.4435 0.133599
8068665 0.350913 3.19734 2.60663 0.937032 205.842 0.117115
8327714 0.456072 3.30624 2.19624 0.697059 109.474 0.126101
8493893 0.455138 2.66469 2.01751 0.835565 243.933 0.132932
8518974 0.4186 3.866 2.49998 1.9212 279.578 0.112022
8520789 0.273985 2.60698 2.79078 0.763352 141.184 0.129304
8856981 0.464201 3.49705 2.21738 3.42013 44.2258 0.136946
9065575 0.407785 2.68153 2.1851 1.24185 126.625 0.137206
9089503 0.489266 4.40891 2.34152 0.550542 74.7005 0.151111
9679564 0.629948 6.97291 2.2308 2.41326 107.919 0.128736
9809540 0.350982 2.80484 2.46311 1.02618 214.683 0.129533
9933448 0.274384 2.7188 2.84083 0.397275 199.593 0.149003
10023549 0.294821 3.2068 2.92415 1.34521 165.578 0.130881
10036085 0.643726 6.85849 2.16246 1.20274 31.5761 0.132537
10045818 0.513144 6.37809 2.63281 0.698731 46.7933 0.126225
10126544 0.614563 5.44204 2.07206 1.53692 30.5617 0.131313
10404925 0.370677 3.02448 2.45259 1.13172 225.081 0.120981
10461364 0.378368 3.62054 2.61317 0.987785 146.175 0.126901
10523157 0.381351 4.29209 2.80058 0.785548 153.699 0.119497
10688974 0.476306 2.91385 2.02092 0.611345 286.749 0.133527
10726969 0.506068 3.73203 2.12671 2.01004 256.593 0.135073
10853248 0.348801 2.20217 2.23422 0.419934 91.041 0.138267
11323314 0.442652 3.33897 2.25488 2.00433 81.5604 0.12466
11467879 0.257474 2.41682 2.80182 1.54164 128.833 0.152804
11946277 0.309642 3.03681 2.76605 0.967729 124.938 0.133555
12150182 0.362189 2.38953 2.25572 0.856013 252.056 0.127321
12157603 0.261671 2.72637 2.92798 1.4294 136.794 0.13957
12223412 0.456204 4.88633 2.58938 1.27975 246.316 0.120179
12269669 0.501385 4.18067 2.24453 0.822379 236.004 0.12313
12345361 0.47416 4.40955 2.40219 0.672791 282.232 0.145472
12394127 0.625816 5.96948 2.1094 1.76516 35.5592 0.145248
13544634 0.523223 4.11895 2.1526 0.553047 346.687 0.111355
13582362 0.506147 4.65558 2.3287 0.718276 241.684 0.126235
13899877 0.392178 2.44919 2.16247 0.68762 114.767 0.13784
14073688 0.460171 2.9909 2.09499 0.540718 338.047 0.127367
14141958 0.476847 3.90638 2.2729 1.93 123.7 0.138013
14290338 0.434286 3.40173 2.30468 2.03613 234.158 0.13203
14361608 0.231243 3.60107 3.58496 2.88129 140.614 0.146601
14372626 0.667811 6.45262 2.02239 1.46325 84.6972 0.125651
14430563 0.261709 2.37575 2.75362 1.31716 231.179 0.139095
14653027 0.367124 3.19961 2.52905 0.891828 165.238 0.136649
14699303 0.326566 2.19672 2.32602 0.775562 231.124 0.123139
14918183 0.551402 4.51569 2.13404 1.09748 106.616 0.141306
15230250 0.558341 5.37465 2.26535 0.792749 298.231 0.116625
15242221 0.317902 2.54781 2.51933 0.908493 243.895 0.136176
15389648 0.334804 2.95499 2.59834 0.882717 113.479 0.137899
15435507 0.277291 3.7472 3.26294 1.93503 144.511 0.117333
15694764 0.443875 5.70814 2.83408 0.622073 126.417 0.149591
15748911 0.4001 2.51988 2.15838 1.87912 91.1082 0.140725
15879607 0.383944 2.38504 2.16962 0.402424 81.1685 0.144233
15988318 0.230051 2.09772 2.8109 0.387886 140.525 0.14133
16259490 0.271292 2.03255 2.51791 0.949551 215.435 0.133051
16441951 0.492534 3.52265 2.12363 0.439341 295.725 0.111052
16476174 0.536036 5.75069 2.4203 0.932678 240.525 0.129272
16489141 0.330203 2.60936 2.48461 0.780808 199.73 0.147164
16557683 0.329903 3.53919 2.84062 2.62093 131.734 0.147342
16573832 0.34802 2.08641 2.18839 1.12205 109.419 0.137671
16582601 0.254767 2.16166 2.68394 2.11073 227.85 0.122752
16722164 0.372902 3.24467 2.5173 3.12501 108.422 0.112582
16843483 0.501845 3.60205 2.1109 1.09881 258.845 0.131431
16866564 0.476664 3.86138 2.2627 0.52284 69.0569 0.14333
17017118 0.348379 2.41313 2.32249 0.645917 243.072 0.134505
17048557 0.4873 4.62287 2.3967 1.3593 119.633 0.126035
17077357 0.19638 2.58963 3.38785 2.11952 242.599 0.149169
17183566 0.331762 2.49918 2.43192 1.11524 219.109 0.134775
17351165 0.464271 6.51409 2.89777 0.840036 88.9166 0.11035
17849092 0.520027 4.10306 2.16041 0.724304 44.5505 0.104824
17850483 0.400593 2.45438 2.13374 0.548421 117.77 0.127012
17884125 0.400714 3.2739 2.40346 2.08503 129.682 0.127321
17957112 0.412215 4.23294 2.62987 2.70342 122.902 0.156833
18034918 0.341398 3.86942 2.88877 1.31775 158.041 0.146617
18557863 0.396219 2.6059 2.20258 1.80074 280.823 0.133173
18790812 0.638964 5.50863 1.99823 0.906464 288.293 0.129544
18835265 0.625349 5.23564 2.00426 1.47302 301.146 0.153556
18901012 0.441124 2.86817 2.12465 1.15587 100.486 0.11947
18977382 0.348384 2.61702 2.40317 1.27264 125.358 0.116062
19027503 0.402418 2.26255 2.05917 0.634535 110.578 0.130765
19249960 0.420198 2.60613 2.11574 1.2524 114.794 0.119089
19432518 0.36157 3.16363 2.54292 0.377435 283.494 0.132855
19530107 0.598558 7.02669 2.36496 1.9684 294.024 0.10858
19741937 0.453648 2.65256 2.01865 0.749751 100.688 0.155362
19871044 0.43877 2.37353 1.97897 0.888236 102.885 0.120699
19871892 0.423515 3.80736 2.4623 1.97734 85.3519 0.113205
19893287 0.45025 4.00694 2.40266 0.65057 92.0145 0.115276
19923401 0.312512 2.7959 2.6516 1.41605 141.303 0.137554
20366773 0.252892 3.02944 3.13529 0.259236 143.621 0.138688
20478972 0.413877 3.54051 2.42782 0.642706 254.537 0.133409
20711136 0.344488 3.76619 2.8367 4.5908 259.336 0.117302
20758685 0.495798 4.78859 2.39794 1.93383 80.2593 0.129561
20801478 0.290627 2.5942 2.68558 1.91008 156.277 0.124911
20856250 0.589724 5.04204 2.09479 2.16854 238.345 0.12917
20911933 0.49716 3.33422 2.0622 0.753016 94.3458 0.132106
20981808 0.215233 2.01338 2.8673 1.81175 168.303 0.131944
21007110 0.283279 2.92622 2.87818 1.84327 156.76 0.133636
21181277 0.549866 3.89535 2.01722 0.833493 306.345 0.155038
21361806 0.500583 3.43992 2.0766 1.11206 271.989 0.122874
21391271 0.445611 4.95225 2.65358 0.987198 125.579 0.144824
21438976 0.248622 2.16639 2.72535 0.512463 179.548 0.12464
21459701 0.431265 2.63587 2.08721 0.880492 93.7798 0.12046
21569658 0.35107 3.92753 2.85309 1.73947 116.667 0.144841
21688238 0.46294 3.53624 2.23221 0.639389 108.592 0.138115
21713748 0.415042 2.25148 2.01335 0.570154 117.916 0.137448
21761757 0.455006 3.3962 2.22446 1.00224 270.442 0.133486
21985192 0.527361 3.5798 2.02205 1.07176 271.649 0.1353
22061710 0.445303 4.15065 2.45981 2.45935 84.9538 0.134988
22128898 0.613064 5.66473 2.11084 1.01474 5.54564 0.140871
22248654 0.478429 4.83861 2.48098 0.820202 52.6033 0.136673
22507014 0.369215 3.84882 2.73054 0.880214 102.182 0.155624
22760613 0.316594 5.03445 3.42751 1.35077 169.476 0.129974
22834995 0.359673 2.11148 2.15393 0.585718 111.209 0.133533
22857618 0.319843 2.68834 2.5685 0.389313 94.1138 0.144573
23068782 0.333741 2.20371 2.29776 0.522291 105.146 0.12762
23567512 0.315946 2.61291 2.55686 0.890022 229.088 0.132965
23583649 0.602175 5.22824 2.08191 2.03604 77.3668 0.139429
23625814 0.3588 2.0522 2.13255 0.851299 254.269 0.151097
23648386 0.255024 2.36127 2.78892 1.55506 195.337 0.125278
23691921 0.28055 2.62445 2.75873 0.60678 210.268 0.13141
23710583 0.504623 6.1064 2.622 0.775268 111.368 0.131212
23949162 0.370293 2.87631 2.40244 0.345662 62.5884 0.140237
24072267 0.319576 2.36293 2.43133 0.802073 154.976 0.115889
24133144 0.38694 3.13018 2.41655 0.719764 207.044 0.116124
24138672 0.266959 2.07996 2.56743 1.3486 122.943 0.126839
24213147 0.483798 3.46506 2.13951 0.569136 63.4431 0.121085
24280753 0.544233 5.02499 2.25578 1.54886 87.0305 0.149765
24364604 0.65558 6.33594 2.0516 4.06608 292.823 0.142896
24370325 0.470623 3.14542 2.10201 1.44832 275.573 0.128757
25143837 0.693722 7.29692 2.02532 2.29304 61.4719 0.11405
25214204 0.464039 5.80753 2.75463 1.09698 197.881 0.13737
25365089 0.51619 3.97363 2.14586 0.876013 253.818 0.146205
25365151 0.61382 7.27187 2.33568 0.933926 357.359 0.131071
25491573 0.445407 3.4256 2.26841 3.21568 65.4509 0.142569
25724219 0.332598 2.78326 2.5427 2.56999 238.995 0.130575
25725247 0.506889 6.51809 2.68724 1.27286 95.5286 0.118402
25888986 0.418182 4.07565 2.55946 0.503675 254.098 0.116222
25986383 0.717749 8.48805 2.05383 1.53836 67.1723 0.143742
26421942 0.594708 6.38465 2.28724 2.87361 279.931 0.156879
26546754 0.430231 3.08969 2.22983 1.04205 260.346 0.130121
26688067 0.332673 3.21015 2.70551 2.44078 102.259 0.131817
26875000 0.3357 3.03235 2.62315 0.69185 193.229 0.125319
26958105 0.346776 2.3123 2.28824 0.669873 229.406 0.123751
27219615 0.279922 2.67028 2.78378 1.14696 146.899 0.143154
27424059 0.399366 2.17208 2.03644 0.412592 101.063 0.103636
27438732 0.557122 6.06533 2.38787 1.85004 319.816 0.133038
27575619 0.221538 2.66806 3.20244 1.82949 134.621 0.139165
27712826 0.522437 5.9045 2.50553 0.464772 18.0941 0.121835
27908749 0.569647 4.7499 2.11395 0.896052 29.658 0.141742
27951058 0.387873 3.19066 2.43223 2.00579 105.622 0.125928
28105700 0.346418 3.41376 2.70574 0.441128 124.433 0.130316
28182149 0.295193 2.3114 2.52964 0.837801 206.136 0.132496
28565470 0.45645 3.32324 2.19948 0.916174 233.679 0.121097
28626477 0.381486 2.19603 2.10733 0.906899 242.606 0.145548
28630209 0.612836 5.29435 2.05551 1.33849 298.226 0.124425
28686093 0.383122 2.79325 2.31902 0.711815 114.307 0.137088
28708346 0.303033 3.11815 2.8376 1.02686 159.969 0.13011
28744834 0.280245 4.12891 3.3889 1.32 203.322 0.135164
29296069 0.417049 4.28569 2.62124 0.386762 301.245 0.159125
29590917 0.585182 7.10908 2.43306 0.859456 315.401 0.143614
29646082 0.341666 2.21584 2.26934 1.27596 245.645 0.116067
29748305 0.412507 3.76211 2.49767 0.438452 107.028 0.128764
30128449 0.351244 3.70942 2.7806 0.568782 130.775 0.131638
30209863 0.430784 3.88404 2.45205 2.18983 133.027 0.137546
30223553 0.327966 3.69916 2.90866 1.06642 139.813 0.131368
30260634 0.271433 2.08705 2.54604 0.465527 128.998 0.146785
30308822 0.236241 2.41899 2.94972 1.69236 250.199 0.126317
30317827 0.516066 3.53835 2.049 1.20649 272.256 0.123993
30374666 0.424005 2.57665 2.093 1.00829 118.657 0.129469
30426588 0.406863 2.74634 2.20999 1.62818 106.121 0.12783
30516858 0.344181 3.05842 2.58998 1.83926 208.249 0.129036
30558868 0.286025 3.23268 2.99161 0.453307 116.341 0.142177
30604981 0.381093 3.43557 2.54162 2.64054 121.411 0.147894
30608590 0.245739 2.37512 2.8584 0.908157 164.75 0.128719
30611421 0.235819 2.21394 2.83808 0.513863 207.031 0.114968
30646914 0.314401 2.26952 2.41441 0.997975 252.498 0.121149
30776850 0.333998 3.58508 2.83357 1.31743 227.717 0.128047
30812708 0.427605 2.81613 2.1564 0.981819 122.851 0.125389
30856167 0.408785 2.60857 2.1571 0.718305 115.353 0.130148
30859272 0.317132 3.36736 2.85152 0.876504 134.899 0.112003
31004188 0.268125 2.04613 2.54273 0.575722 113.534 0.137196
31014167 0.537169 4.09687 2.10006 0.718244 64.8105 0.120049
31048912 0.341119 3.09687 2.61955 0.760958 162.052 0.158093
31139957 0.433036 2.98734 2.18898 0.709157 253.8 0.126366
31190704 0.459224 3.78712 2.31085 0.793198 111.762 0.136584
31522732 0.360532 2.54102 2.32106 0.555678 227.111 0.138928
31869770 0.269217 2.08978 2.55988 0.714338 162.729 0.122164
31876260 0.40984 2.65325 2.16817 1.38613 102.544 0.129569
31890390 0.35398 3.64098 2.74321 2.26352 252.814 0.145357
32126101 0.319372 3.13945 2.75154 0.550959 133.168 0.124831
32328661 0.66837 6.95984 2.08175 1.17799 59.0369 0.149513
32496680 0.558293 7.75687 2.64904 1.65928 80.3775 0.143229
32513458 0.389107 3.80095 2.61683 0.695785 226.245 0.128388
32745732 0.402577 4.60615 2.77775 2.18617 286.269 0.145803
32869116 0.476275 4.1646 2.33664 1.42088 88.7556 0.136703
32936754 0.515579 3.4404 2.02801 0.617236 60.6501 0.120065
33382379 0.495725 3.60008 2.13132 2.07204 109.601 0.136045
33488473 0.453712 3.15738 2.16379 0.5881 81.8634 0.10595
33664837 0.599456 5.22899 2.09147 1.09936 288.479 0.137656
33808980 0.330962 2.83376 2.57076 1.51897 153.344 0.137705
33842129 0.418522 3.23001 2.31689 0.754016 93.6867 0.132517
33896934 0.330736 2.9895 2.63245 1.9492 116.709 0.111783
34079169 0.361665 3.90869 2.78911 0.407974 277.558 0.11641
34446687 0.267545 2.68419 2.86859 0.996873 248.119 0.136658
34523806 0.708809 8.3933 2.0805 5.85244 235.898 0.125126
34700442 0.364514 3.25094 2.5589 0.390478 277.212 0.139424
35099582 0.32713 2.29744 2.36768 0.366762 94.558 0.12999
35142577 0.60934 4.70853 1.97461 3.58304 304.326 0.160058
35158976 0.366942 2.61256 2.32112 2.40468 282.431 0.13474
35187600 0.316359 2.02065 2.29061 0.997035 251.479 0.136875
35261468 0.204056 2.43483 3.22144 0.337798 162.108 0.133729
35314536 0.442623 5.29527 2.74745 4.48006 251.827 0.140364
35324093 0.336105 3.06501 2.63335 1.39986 153.867 0.124625
35387110 0.46599 3.80146 2.28839 0.413686 301.538 0.140263
35475803 0.385584 2.59204 2.23846 0.566736 100.666 0.110097
35640015 0.476433 4.6074 2.43794 2.79132 89.0552 0.12122
35714497 0.22586 2.10489 2.84515 1.91165 159.622 0.137504
35780460 0.497173 4.17272 2.25843 3.23546 74.6756 0.121112
35783402 0.320733 2.10581 2.31088 0.603756 125.254 0.12995
36464508 0.415868 3.92957 2.5298 2.59029 232.769 0.125771
36533395 0.245678 3.35121 3.34213 1.51496 149.41 0.119811
36746451 0.431653 4.78522 2.67973 0.476386 47.6847 0.122579
36786500 0.324083 3.23933 2.7634 2.93217 111.346 0.133567
36884459 0.221638 3.43181 3.59616 1.88063 225.381 0.139931
37034853 0.648874 7.3046 2.19843 1.52581 345.35 0.139811
37407289 0.427975 5.45859 2.85941 4.44813 71.3696 0.138209
37608110 0.327365 4.35751 3.13588 0.767377 160.743 0.133803
37772306 0.502565 4.45444 2.29985 2.01693 131.515 0.154115
37817454 0.328762 2.13124 2.2873 1.03216 114.56 0.131574
37886712 0.490875 5.07361 2.47842 2.17397 224.667 0.128972
37930236 0.320582 2.96105 2.67503 0.781468 178.909 0.13402
38033722 0.38743 2.30682 2.12784 1.38046 260.485 0.134267
38255593 0.494347 2.98104 1.98232 0.438346 296.644 0.129532
38426351 0.521467 4.68605 2.27609 1.40362 103.546 0.121218
38677341 0.447172 3.12917 2.17919 0.449757 86.0061 0.123557
38719196 0.268737 2.5267 2.78492 0.329014 120.234 0.126589
38759319 0.556205 5.46213 2.2888 1.72432 307.634 0.124751
38920088 0.670033 7.89113 2.18322 2.15829 274.544 0.138325
38956859 0.267428 2.16917 2.61198 0.947846 144.21 0.145096
39036179 0.512623 4.27629 2.22397 0.55198 325.261 0.12718
39073525 0.454453 3.33771 2.21068 1.12971 123.956 0.121043
39126300 0.392717 4.01242 2.66177 1.39672 214.476 0.14222
39147832 0.5634 5.01663 2.18356 1.39415 302.071 0.124377
39190812 0.447665 5.60048 2.79111 0.540661 286.136 0.120179
39326144 0.381957 3.17755 2.45397 1.17332 212.244 0.159107
39481253 0.404857 2.63711 2.18104 0.650748 95.5326 0.132773
39713068 0.346085 2.59082 2.40325 0.445384 100.52 0.143233
39805718 0.515737 3.60699 2.06573 1.21764 90.1297 0.144222
39882196 0.476141 4.3989 2.39167 0.577201 69.0248 0.132227
39991757 0.337587 3.26431 2.69918 0.555918 182.254 0.12894
40015782 0.395835 2.93429 2.31495 1.23444 225.548 0.129032
40208673 0.557469 4.18911 2.0508 0.792325 6.43421 0.152629
40373729 0.34009 2.19835 2.26849 1.36699 241.8 0.153183
40527881 0.444301 2.94674 2.1368 0.678871 117.168 0.112725
40787194 0.323258 2.09874 2.29653 2.08824 90.2526 0.135386
40890297 0.347037 2.99902 2.55404 0.769542 186.635 0.144463
41041163 0.579718 5.36775 2.18446 3.61385 111.057 0.14884
41052006 0.295899 4.00059 3.22489 0.483668 100.952 0.146488
41130768 0.506345 4.0338 2.19387 1.63753 91.2911 0.128404
41281358 0.340399 2.7176 2.47918 2.13688 260.962 0.133643
41326399 0.41815 3.16614 2.29913 0.608675 105.885 0.123537
41395627 0.366366 3.17861 2.52543 0.626128 254.545 0.126282
41553461 0.261246 2.08563 2.60348 0.513835 219.289 0.115757
41627461 0.591849 4.63111 2.01843 1.22924 95.2544 0.130851
41819212 0.404639 3.03404 2.31181 0.337093 268.356 0.139049
41840160 0.562043 5.99366 2.356 0.899842 25.4973 0.13431
41851224 0.35412 2.66068 2.3944 0.744257 254.543 0.104475
41926216 0.336721 3.31093 2.72072 0.624007 160.567 0.14339
41949851 0.487264 2.90556 1.98439 0.514121 31.9491 0.131655
42060447 0.334643 3.2064 2.6936 0.851065 209.373 0.11739
42165842 0.355071 4.91937 3.13299 0.626336 196.092 0.123959
42913011 0.575751 4.91172 2.12123 1.47626 109.239 0.121897
43029350 0.487278 3.27206 2.07925 1.36456 260.964 0.129061
43032887 0.368024 2.62486 2.32116 0.736712 104.985 0.147564
43113963 0.392382 4.38306 2.76906 1.71256 235.376 0.116593
43131292 0.515277 4.02614 2.1605 3.1559 299.809 0.123419
43132148 0.34542 2.15685 2.22882 0.732924 132.047 0.130141
43305273 0.367911 2.03998 2.09407 1.01475 100.884 0.143389
43394738 0.521658 4.01139 2.1351 1.09368 253.122 0.142253
43501246 0.63534 5.74909 2.04453 2.83737 123.776 0.136823
43831876 0.69155 7.32694 2.03676 2.22032 276.588 0.12886
43877214 0.394263 2.29697 2.09985 0.488369 81.1202 0.146903
43912388 0.538212 4.33459 2.14463 0.958375 260.487 0.123905
44039538 0.349116 2.70964 2.4356 0.588149 130.252 0.117998
44382081 0.326787 2.82182 2.58719 1.60481 117.277 0.130583
44455162 0.450323 4.81321 2.59913 0.769795 285.535 0.131439
44809344 0.46507 4.74478 2.51751 0.761814 127.835 0.13799
45201287 0.408692 2.24153 2.03063 0.704763 260.358 0.136057
45222375 0.345431 2.47319 2.35942 0.966909 171.17 0.118865
45379541 0.626334 7.56694 2.32266 2.92743 126.151 0.118361
45486549 0.457983 4.27243 2.43654 0.76788 112.05 0.129349
45582468 0.551414 6.10217 2.41756 1.22202 89.5166 0.143386
45684451 0.232926 2.16682 2.83128 1.72751 239.255 0.142923
45715177 0.327511 2.70441 2.53641 0.411178 111.213 0.143929
45937614 0.480413 5.97875 2.71046 0.949353 83.1892 0.140905
46075942 0.343296 2.11008 2.21739 0.801665 128.776 0.139626
46226023 0.288376 3.29973 3.00384 1.16116 246.253 0.128086
46279694 0.341048 3.1647 2.64481 2.57266 204.509 0.116958
46367781 0.537578 4.0298 2.08489 0.511142 55.0874 0.143779
46496517 0.356079 4.41664 2.97779 0.605801 227.798 0.134556
46573512 0.239776 2.46451 2.94859 0.568637 174.767 0.118401
46954494 0.536997 3.98031 2.07659 0.738915 303.816 0.108175
47099651 0.355803 2.04165 2.13936 0.499278 238.928 0.130322
47103024 0.292301 2.86563 2.79614 1.01554 230.118 0.147972
47291404 0.297635 4.16419 3.27217 0.752469 220.27 0.128373
47296499 0.335563 3.24472 2.7028 4.33856 300.717 0.145291
47396627 0.49062 4.86432 2.4353 2.298 92.8611 0.155298
47424142 0.453613 3.47945 2.25198 1.08673 240.417 0.146301
47426789 0.233452 2.17413 2.83182 1.01436 171.109 0.121071
47448252 0.280602 2.40131 2.65269 1.93993 147.086 0.126527
47951275 0.282856 2.44145 2.65901 0.499187 154.53 0.110484
47974290 0.406741 3.9602 2.58003 0.49291 63.4412 0.130018
48446560 0.355634 2.20945 2.20989 1.26449 121.526 0.122276
48803089 0.329662 3.14303 2.69656 1.50863 173.243 0.158527
48809948 0.524775 3.45854 2.00308 0.987704 76.2679 0.143044
48924751 0.427834 2.55068 2.0716 0.759806 238.549 0.12882
49260148 0.608483 5.08727 2.03805 1.46647 20.6551 0.13557
49377829 0.515378 5.10417 2.38326 3.7496 90.0798 0.145255
49388697 0.5305 3.92007 2.08559 1.10456 252.892 0.11521
49540457 0.354433 2.59268 2.367 0.476157 266.423 0.132518
49551592 0.424175 3.91992 2.49032 0.861165 263.199 0.133719
49638309 0.446616 3.70166 2.33815 1.06832 246.44 0.142557
49667697 0.331834 2.16675 2.28981 1.11931 238.94 0.145323
49696587 0.507366 4.8224 2.35855 0.720551 73.6144 0.115636
49991772 0.342197 2.31232 2.30766 0.572051 94.6613 0.150969
50096493 0.46234 3.73516 2.28561 0.803312 92.8094 0.135813
50503834 0.240287 2.3148 2.86339 0.934123 167.425 0.146745
50544004 0.364464 2.83186 2.41214 2.03777 80.3397 0.114677
50551410 0.386656 2.33277 2.14028 0.493045 75.549 0.135553
50710638 0.40044 4.56888 2.77869 1.98232 244.532 0.123091
50747538 0.493386 6.03017 2.65936 0.785886 99.7422 0.131241
50751442 0.607924 7.08875 2.33499 3.97505 316.957 0.125297
50982952 0.302009 3.10139 2.83693 2.33424 203.062 0.120539
51019702 0.235202 2.28647 2.88361 0.378826 196.897 0.143999
51025867 0.56042 6.59645 2.46058 1.55647 271.946 0.135661
51057343 0.549203 5.22274 2.27317 1.24178 69.4044 0.134165
51135149 0.247925 2.72189 3.02277 0.707673 197.559 0.135286
51437373 0.339939 3.34291 2.71501 0.391931 76.637 0.132577
51584589 0.285888 2.01921 2.43394 0.52581 194.58 0.12635
51645009 0.514365 4.25183 2.2124 1.37837 235.763 0.134759
51649722 0.397984 4.22184 2.69566 0.745493 196.989 0.146433
51716967 0.281579 2.7515 2.81079 0.932312 234.404 0.131345
51991103 0.331703 2.26516 2.33326 1.625 123.929 0.13631
52041923 0.249427 2.42697 2.86069 1.11649 190.301 0.126625
52301302 0.365521 4.85201 3.05001 0.512968 121.304 0.135052
52332994 0.548003 4.66176 2.1738 2.61069 286.226 0.141311
52408751 0.403131 3.35265 2.41749 0.771943 76.6401 0.132255
52449837 0.261651 3.26071 3.17517 1.69201 136.082 0.135568
52473686 0.527006 4.11269 2.13812 1.65986 237.63 0.136732
52586779 0.310751 2.56839 2.56458 0.898275 195.345 0.11549
52720882 0.695394 7.39874 2.03009 4.11418 220.821 0.134714
53026069 0.42878 2.62523 2.09229 0.487272 295.056 0.120646
53227706 0.643622 7.51182 2.24493 3.60531 136.519 0.128398
53416019 0.343127 2.76477 2.48458 2.11711 246.761 0.146425
53710931 0.500007 3.56455 2.10827 1.25712 257.377 0.120923
53926041 0.467855 4.48974 2.44684 0.865308 232.653 0.135587
54291177 0.335266 2.44415 2.39299 0.757197 257.277 0.132235
54446888 0.56249 4.42845 2.07963 0.63022 327.201 0.122627
54463589 0.421025 2.61066 2.11434 1.05115 262.8 0.138608
54464455 0.313216 2.58253 2.55793 0.796803 106.174 0.143273
54689716 0.388713 3.23192 2.4419 0.908102 131.03 0.121287
54897941 0.359672 2.24457 2.20826 0.774784 125.445 0.12922
54999999 0.260791 2.73273 2.93705 0.747242 154.226 0.1253
55263588 0.295926 2.81233 2.75164 1.90549 160.489 0.119606
55306036 0.412642 3.30153 2.36216 1.05223 128.316 0.113704
55514264 0.505234 5.41242 2.48609 1.24763 139.229 0.139277
55951722 0.361175 5.53229 3.26581 0.515988 151.162 0.114922
56108652 0.395534 3.16088 2.38975 2.4613 264.826 0.128201
56231536 0.51039 4.38953 2.25636 1.95829 231.079 0.142858
56429335 0.313817 3.35934 2.86806 1.74272 269.736 0.147611
56586793 0.381027 3.35597 2.51636 0.666391 253.994 0.146039
56646130 0.382148 2.75788 2.31068 0.590777 104.841 0.149127
56753470 0.303047 2.23564 2.45396 2.83545 79.3859 0.122187
56991789 0.336805 3.13537 2.65596 1.10591 244.636 0.147592
57143095 0.391748 3.17082 2.40906 1.05003 201.23 0.136994
57143536 0.415676 3.48202 2.40314 0.388189 58.4476 0.130545
57159629 0.325737 3.33403 2.78956 0.587106 211.693 0.125986
57233402 0.314608 3.93099 3.07315 0.452296 251.95 0.121451
57247405 0.266286 2.30745 2.69039 2.10766 90.6051 0.10551
57325254 0.329022 3.42311 2.80377 2.90536 285.928 0.118551
57428261 0.52488 6.97026 2.68138 0.883994 313.35 0.132657
57523969 0.222465 2.09176 2.86204 0.455735 176.954 0.135614
57679597 0.316132 2.15122 2.35244 1.19503 102.384 0.120711
57681262 0.356765 3.44 2.66131 1.21403 169.925 0.129256
57750711 0.550967 4.89623 2.20697 1.45727 301.56 0.130258
58035641 0.602698 6.74537 2.30802 4.32421 106.072 0.121388
58104368 0.304357 3.71872 3.06267 1.42773 139.684 0.12896
58170986 0.36188 3.53101 2.66585 3.82989 91.9298 0.125428
58171199 0.285059 2.28769 2.57254 0.457938 141.429 0.133256
58203134 0.481347 3.021 2.03359 0.472901 316.515 0.132664
58394922 0.445329 4.10894 2.44912 2.45133 242.023 0.141763
58533183 0.249177 2.16243 2.7196 1.91546 137.294 0.119383
58894325 0.333456 4.28847 3.0745 1.47888 208.393 0.109235
58927579 0.353946 2.21698 2.21968 0.707806 139.806 0.137425
59016542 0.381371 4.16243 2.76266 1.14408 147.349 0.136439
59327792 0.382787 3.43749 2.53437 0.712276 109.829 0.123353
59327872 0.450937 3.88035 2.36751 0.974068 113.542 0.132766
59339689 0.545001 4.48675 2.15085 1.44802 128.044 0.115534
59347658 0.351765 3.68675 2.77026 0.674584 146.039 0.144312
59769194 0.412948 3.36224 2.37911 1.17715 116.117 0.12897
59803026 0.384307 2.89208 2.34813 0.689353 220.675 0.131443
59809340 0.56055 7.01399 2.52568 2.46088 276.68 0.135254
59818253 0.339846 3.50361 2.77239 1.28389 167.314 0.129703
59832633 0.47872 3.04065 2.04727 0.79076 123.327 0.136166
59858828 0.329695 4.1008 3.03607 2.06465 243.124 0.114358
59874203 0.265575 2.07436 2.57231 1.3211 187.295 0.143406
60488746 0.70379 7.28721 1.9868 1.15919 28.1545 0.121937
60582807 0.454779 5.79527 2.79788 1.66694 249.912 0.138188
60804499 0.412988 3.03812 2.28006 1.79874 283.506 0.120842
61042333 0.426415 4.0994 2.52875 1.17885 116.863 0.121755
61243978 0.478277 3.27818 2.111 0.961141 102.969 0.130874
61266085 0.610381 5.41788 2.08295 1.52521 109.573 0.142899
61357641 0.592315 5.11958 2.0986 1.68769 132.951 0.12229
61388602 0.474796 4.07292 2.32071 0.696207 94.251 0.123886
61416688 0.491573 5.28507 2.51925 0.656406 246.833 0.141111
61422342 0.605045 5.04283 2.04259 2.03018 85.4948 0.150866
61497768 0.345192 2.34594 2.30878 0.381109 98.3734 0.12797
61696864 0.288881 2.25143 2.53428 0.610183 216.296 0.109316
61778728 0.358643 3.2696 2.59371 0.716134 247.15 0.154785
61847001 0.417327 3.44673 2.38594 1.19927 206.314 0.142495
62077981 0.323088 2.96405 2.66279 1.29454 241.752 0.126057
62161263 0.600628 4.7371 2.00753 2.10552 60.0265 0.119827
62215523 0.406949 2.38636 2.08759 0.436764 90.6093 0.130912
62273144 0.374835 5.53945 3.18108 2.07385 226.8 0.120843
62879813 0.285101 3.18327 2.97699 0.631626 238.698 0.125456
62907193 0.433726 3.65121 2.37642 1.59457 86.0981 0.150889
62942528 0.45981 4.0147 2.36577 0.854382 111.768 0.126809
63427055 0.233348 2.80975 3.17988 1.28523 136.643 0.136455
63473127 0.343105 3.75044 2.83915 0.49909 191.471 0.123326
63522888 0.444295 4.00021 2.42562 1.37047 238.844 0.120406
63571105 0.415459 4.33136 2.64092 0.762245 110.706 0.144355
63593657 0.351683 2.2067 2.22448 0.556799 120.364 0.120244
63618807 0.564919 5.9419 2.33594 0.739904 338.666 0.144226
63636071 0.29392 2.60252 2.67065 0.966057 203.261 0.115638
63752796 0.398777 3.55035 2.49662 0.653887 117.501 0.140376
63868289 0.312139 2.2349 2.40944 2.73006 87.563 0.122422
63878359 0.227482 2.48662 3.05366 0.938136 160.575 0.143332
63940995 0.479408 3.33173 2.12092 0.364213 39.4699 0.14031
63953080 0.433193 2.79661 2.13062 0.520096 277.461 0.148596
63979041 0.316008 3.16554 2.78066 1.03734 141.164 0.115554
64020018 0.421535 2.4199 2.04967 0.647175 103.618 0.143981
64195253 0.314697 2.32472 2.43779 0.353511 94.373 0.138713
64205633 0.304778 2.13578 2.39838 0.715767 190.084 0.12415
64222828 0.508963 4.78179 2.34387 0.470209 8.45969 0.128183
64383248 0.51625 4.34204 2.22464 0.693878 263.247 0.145109
64565576 0.420481 3.31386 2.33401 0.957542 257.198 0.112262
64710591 0.22363 2.45965 3.06911 0.358451 200.139 0.146357
64944307 0.316957 2.26952 2.40233 0.541076 134.632 0.133438
65079048 0.447894 2.56709 2.01115 0.50663 101.438 0.128101
65093532 0.251593 2.10416 2.67199 1.32279 245.406 0.131399
65165118 0.505111 3.86763 2.16095 1.51192 82.5239 0.134751
65209904 0.269181 2.40946 2.72433 0.755039 170.684 0.132324
65411605 0.304562 3.26445 2.88694 2.56254 100.416 0.117715
65561836 0.175 2.41288 3.50077 2.90641 254.011 0.114937
65616820 0.534249 4.7393 2.23875 1.55956 292.421 0.126478
65665344 0.513284 5.8376 2.53294 1.18979 241.338 0.123977
65919430 0.292947 2.6025 2.67614 1.42634 249.532 0.126708
65956249 0.426076 4.61376 2.66366 0.636906 136.414 0.133922
66083266 0.51347 4.73956 2.3176 1.25954 262.943 0.140436
66276493 0.510859 4.36133 2.24861 1.3331 68.4262 0.119648
66339512 0.440585 3.62596 2.34185 0.484176 70.8909 0.13259
66414628 0.311414 2.42095 2.49669 0.762851 101.73 0.143646
66494922 0.363009 2.23951 2.1932 1.55689 251.005 0.111121
66871790 0.310321 2.18743 2.39622 1.00246 204.49 0.114281
67011813 0.552688 5.43869 2.29828 1.56726 86.0962 0.138834
67242619 0.607364 5.50509 2.10693 0.741917 277.093 0.142429
67295297 0.638908 7.09383 2.21124 1.55006 37.1036 0.133565
67384180 0.339029 3.55842 2.79604 1.12839 241.561 0.12213
67401467 0.551682 6.43814 2.4723 0.835704 101.398 0.117933
67568895 0.473408 3.13708 2.09042 0.598943 71.3909 0.127933
67763277 0.455079 3.95165 2.369 1.29073 219.886 0.127208
67810329 0.168937 2.12219 3.36454 2.17376 138.915 0.149942
67853964 0.222938 2.33859 3.00526 0.855835 154.277 0.120339
68129906 0.24791 2.1522 2.72205 0.533205 134.561 0.137027
68364524 0.442707 5.04261 2.68852 0.375569 356.118 0.12609
68371117 0.517222 4.26143 2.20409 0.742115 303.213 0.121216
68432302 0.498995 3.24902 2.0353 1.0395 91.1808 0.130302
68614849 0.398776 3.94163 2.6121 1.2274 254.672 0.129754
68716674 0.703719 7.2963 1.98803 1.90671 356.296 0.152822
68834402 0.403194 3.96203 2.5971 2.34709 291.997 0.123484
68900985 0.413488 4.14663 2.60041 0.38649 306.436 0.140572
69082234 0.435366 4.77802 2.66027 1.56612 273.877 0.151429
69121491 0.310045 4.35389 3.25104 0.477481 135.487 0.147842
69163476 0.414077 4.17494 2.60537 2.7684 137.576 0.132439
69319837 0.336613 2.04468 2.21584 0.365495 108.298 0.142312
69327510 0.416726 4.91938 2.78672 0.686603 248.851 0.114977
69371176 0.527536 4.32053 2.17941 1.90791 69.0981 0.111347
69528168 0.381761 4.6015 2.88655 0.736659 103.592 0.139775
69539881 0.360002 2.87752 2.44865 0.358592 107.885 0.121267
69544219 0.645788 6.14265 2.06145 1.4087 15.8157 0.120794
69598086 0.555012 5.32228 2.26882 0.869905 282.453 0.146649
69686414 0.22637 2.93401 3.30264 3.02325 217.383 0.110021
69703304 0.395229 3.28148 2.42932 0.795817 141.192 0.131922
69704547 0.426796 3.91856 2.47854 1.04649 130.818 0.127561
69741910 0.406489 3.20807 2.3589 1.82872 255.078 0.134402
69754281 0.590445 5.08843 2.09997 0.934662 39.8454 0.133076
69788078 0.277782 3.13985 3.00729 0.876652 190.985 0.133341
70007179 0.434708 3.62356 2.36483 1.77368 267.948 0.13386
70016502 0.266462 2.35806 2.71511 2.20002 159.316 0.127838
70022671 0.300118 2.67664 2.66877 1.16309 230.847 0.110558
70134844 0.427138 2.36418 2.01274 0.797522 255.756 0.133478
70305784 0.55015 4.57328 2.14938 2.32916 262.606 0.131539
70327785 0.598696 4.90065 2.04089 0.963603 341.231 0.162598
70359296 0.303676 2.6971 2.65796 0.925024 154.999 0.141958
70401228 0.349365 2.81333 2.47381 1.0689 234.483 0.119562
70477411 0.29197 2.5337 2.6504 0.657464 188.683 0.133137
70555279 0.363729 2.21428 2.18032 0.931995 128.367 0.113168
70583983 0.258112 2.52751 2.85397 2.2311 250.114 0.120668
70584635 0.37154 2.03847 2.08048 1.41044 91.1618 0.125148
70676978 0.462511 4.69062 2.51622 1.08485 112.263 0.134623
70696256 0.333241 3.51935 2.8146 2.17955 166.483 0.136987
70756419 0.555107 7.02996 2.55236 1.96421 217.658 0.120395
70833132 0.45579 4.76706 2.56363 0.407443 55.1158 0.112829
70885558 0.500713 3.29143 2.0402 0.416708 50.6249 0.127206
71086503 0.445521 5.90792 2.86935 1.35381 137.075 0.138266
71176035 0.38254 2.51457 2.22242 0.487945 266.457 0.128953
71413052 0.381605 2.10824 2.07287 0.439792 261.454 0.127332
71454414 0.337578 2.48752 2.40032 1.06459 174.055 0.145454
71492645 0.327039 3.42975 2.81742 0.744382 206.68 0.140579
71821175 0.438154 3.24956 2.24662 1.01322 116.62 0.133973
72045925 0.392402 3.98683 2.65586 2.28088 203.475 0.144183
72229523 0.409198 5.57232 2.98759 1.55153 285.093 0.135212
72238051 0.319893 2.12961 2.32551 0.72169 176.579 0.145869
72592476 0.291538 2.00865 2.40032 0.440639 243.781 0.144038
72753213 0.498656 3.17267 2.01745 0.77433 97.2196 0.123239
72794412 0.280697 2.08674 2.49555 0.53282 232.067 0.133024
73053907 0.48718 3.41653 2.11582 1.76231 108.145 0.123234
73069042 0.279346 2.99569 2.93404 3.96517 71.6603 0.163319
73104193 0.519496 3.85005 2.10747 1.08893 286.906 0.123877
73388640 0.289601 2.63175 2.70853 1.21586 180.944 0.121295
73433526 0.332982 2.47431 2.41595 0.951486 247.929 0.130727
73656993 0.329109 3.12528 2.69282 0.737254 132.515 0.132632
73835868 0.435297 3.30541 2.27341 0.734303 129.342 0.145002
74008887 0.48391 3.2194 2.07698 1.38186 275.869 0.131289
74016266 0.412617 3.7723 2.50008 0.672655 125.095 0.111533
74024310 0.629024 5.84495 2.08026 0.955626 54.0123 0.132023
74209223 0.380302 3.95634 2.70688 0.450729 88.1448 0.138429
74376774 0.491396 6.77422 2.80924 1.34109 173.571 0.129547
74671975 0.366563 3.01496 2.46786 1.52642 224.109 0.141673
74679431 0.470894 4.02274 2.32387 1.04918 277.842 0.110126
74912099 0.408998 3.41374 2.41106 1.55036 161.952 0.117003
74965875 0.45817 3.64222 2.27764 0.546761 288.106 0.128811
75021746 0.314734 2.31879 2.43496 1.37214 141.508 0.126063
75258691 0.38313 3.17038 2.44641 1.11905 257.705 0.129942
75295822 0.349622 3.71291 2.79056 1.08496 100.075 0.117558
75521394 0.420156 3.92154 2.50846 1.56875 135.26 0.119819
75711071 0.439672 2.73953 2.09085 1.2622 103.363 0.117015
75771380 0.446742 3.73344 2.34605 0.683106 247.465 0.132469
75961172 0.514727 4.31828 2.2252 0.69893 237.893 0.120085
76021151 0.558727 3.80835 1.97183 0.687343 42.6663 0.119705
76192974 0.329516 2.60538 2.48629 0.485671 254.117 0.14059
76314506 0.42066 2.41501 2.05094 1.25854 98.0812 0.12868
76485095 0.335237 3.28706 2.72001 0.623923 197.427 0.135559
76633005 0.256974 2.34412 2.76735 0.342447 125.663 0.10498
76747223 0.486458 3.86504 2.22723 1.11797 234.03 0.139072
76786634 0.355537 3.99556 2.85007 0.409768 239.336 0.123574
76815298 0.356174 2.57183 2.35143 0.728849 142.113 0.139255
77078424 0.344155 2.01141 2.17104 0.755769 103.95 0.112526
77114140 0.348966 4.22671 2.9607 0.546428 139.835 0.147307
77115554 0.333706 2.22862 2.30871 1.05972 117.311 0.113279
77199756 0.287234 2.15795 2.49705 0.471481 199.927 0.152223
77211189 0.255889 2.80077 3.00414 0.700754 142.509 0.116359
77226508 0.414822 2.50979 2.10258 0.473597 94.1933 0.117827
77427008 0.440954 2.62135 2.0503 0.874838 119.784 0.115549
77511595 0.296505 2.21182 2.47551 0.568605 103.826 0.144154
77577969 0.351644 2.20679 2.22468 0.879836 116.415 0.145008
77714405 0.538849 4.34362 2.14422 2.22093 275.445 0.132561
78110133 0.413748 4.65703 2.73478 3.34865 287.891 0.11821
78197615 0.614236 6.88585 2.28143 1.60001 41.9942 0.133649
78254793 0.425069 3.08181 2.24693 2.09332 105.31 0.139067
78424683 0.442662 4.42792 2.54074 0.77535 106.906 0.128995
78463845 0.337247 4.54572 3.13266 2.65333 283.728 0.143592
78632163 0.316451 2.69978 2.59075 0.679922 211.395 0.134754
78717715 0.531771 3.99796 2.09776 1.28474 122.871 0.131162
78782076 0.363779 2.41578 2.2595 0.608542 103.596 0.137852
78815162 0.28852 2.27595 2.54809 1.99408 246.32 0.112194
79070793 0.197545 2.17883 3.11947 0.934506 172.384 0.14462
79206520 0.40342 5.35916 2.96741 0.672425 243.86 0.105606
79265496 0.557622 4.25405 2.06282 1.48675 123.111 0.141692
79291796 0.497421 3.60249 2.12608 1.00027 283.845 0.123079
79361876 0.401876 3.85087 2.57133 3.17995 92.5513 0.136108
79412380 0.345971 3.03444 2.5723 1.00218 103.388 0.136029
79480487 0.553355 5.22925 2.25858 2.42088 281.976 0.136706
79853179 0.548408 6.16568 2.44081 3.32544 119.29 0.139882
80036080 0.334225 2.22245 2.30379 0.775722 264.662 0.128939
80225350 0.545946 4.54099 2.15801 1.55312 125.51 0.126494
80285662 0.454295 3.82323 2.33942 1.62823 281.03 0.127508
80508971 0.518738 4.0721 2.1583 1.823 226.09 0.125409
81049895 0.285333 4.62973 3.53219 1.1078 139.321 0.109509
81428851 0.345969 2.02297 2.16902 1.06312 250.957 0.127628
81488204 0.396356 2.99233 2.33187 1.10199 102.129 0.138405
81526614 0.335796 3.09176 2.64497 0.495319 199.457 0.124674
81539734 0.606751 4.93712 2.01995 1.21299 55.3412 0.122283
81648702 0.566677 4.94074 2.15834 1.15083 254.109 0.135553
81653586 0.345845 2.03558 2.17499 0.52421 230.778 0.129648
81795882 0.289647 4.22988 3.3547 2.76501 105.909 0.128864
81866349 0.345291 3.74894 2.82644 1.40688 143.637 0.118222
82186387 0.537357 4.24971 2.13054 2.99933 306.323 0.144703
82396173 0.503513 3.72226 2.13323 1.94421 243.817 0.127357
82403476 0.442313 2.46756 1.99789 1.37726 84.7541 0.118347
82661506 0.613655 5.48137 2.08118 1.06484 9.86687 0.122504
82768603 0.43841 3.09652 2.20157 1.02765 84.1791 0.127408
82983594 0.413743 2.1947 1.99754 0.441156 262.213 0.142982
83001208 0.276907 2.04307 2.49309 0.597764 223.633 0.121786
83569234 0.357054 2.09649 2.15766 0.757236 106 0.124736
83607634 0.46712 3.66434 2.24957 3.79597 56.529 0.152637
83750950 0.488703 7.01193 2.86643 1.15556 89.7637 0.130194
83766010 0.304662 2.28748 2.47005 2.74667 82.3029 0.114739
83898918 0.453189 4.20491 2.44007 0.918098 232.05 0.114384
83952871 0.249553 2.32266 2.80446 0.480471 209.687 0.133495
83993050 0.477418 6.09922 2.74892 1.64187 215.452 0.144411
84344661 0.212101 3.12011 3.53139 1.94338 145.616 0.131104
84492809 0.479596 5.07762 2.52785 0.525009 62.6269 0.145935
84777095 0.456481 5.15623 2.64948 1.68793 276.879 0.125198
84801334 0.500794 4.21364 2.25403 1.17451 105.932 0.141126
84943110 0.391706 4.33135 2.75802 1.03409 101.245 0.143119
85059889 0.456328 3.24257 2.17797 0.814955 259.175 0.14965
85241828 0.272163 2.61117 2.80416 1.73606 253.344 0.132759
85261564 0.371943 2.20414 2.14528 1.57504 269.794 0.109258
85271652 0.398834 5.55095 3.04095 1.59909 273.178 0.130527
85342057 0.449029 4.72422 2.58401 1.29439 132.369 0.121587
85360538 0.445912 6.22501 2.93522 0.845712 96.6906 0.108108
85376213 0.479621 3.84013 2.24651 0.774471 72.247 0.137637
85566085 0.328894 3.49497 2.83052 0.551473 217.836 0.128235
85825384 0.427213 3.19611 2.27278 0.856174 220.532 0.118439
85830030 0.385258 3.18598 2.44215 1.8152 251.69 0.144542
86126780 0.579444 5.63691 2.2297 1.44329 265.022 0.128681
86187290 0.313244 2.75111 2.62905 0.809575 121.438 0.125146
86539104 0.349788 2.39756 2.31022 0.552658 104.677 0.133204
86556284 0.53236 4.88425 2.27394 0.945428 120.55 0.134268
86701767 0.330971 2.97342 2.62505 0.777495 134.986 0.11774
86706544 0.429567 4.03675 2.49817 0.962994 119.573 0.124266
86799223 0.584599 6.1508 2.2915 1.1283 120.306 0.115519
86944629 0.436845 2.79454 2.11729 0.685628 283.047 0.109919
86980332 0.476328 3.91041 2.27583 1.68893 243.896 0.128887
86983201 0.746435 9.73766 2.04652 3.0853 282.366 0.11918
87144924 0.378334 3.30924 2.51356 1.58289 133.401 0.127869
87224076 0.493239 6.66505 2.77995 1.08349 258.419 0.111627
87435355 0.312525 2.55824 2.55104 1.6132 98.4412 0.138366
87543643 0.31496 2.08275 2.32602 1.23072 262.767 0.122896
87564815 0.519386 4.80793 2.30854 1.27418 248.204 0.133191
87578493 0.438075 3.06217 2.19277 0.527982 274.539 0.145404
87879958 0.512661 4.80857 2.33483 3.82421 93.7061 0.124931
87908928 0.278224 2.10565 2.51851 1.19623 243.983 0.127222
87913533 0.400501 3.84076 2.57478 0.90899 110.213 0.133937
88005024 0.445204 4.22555 2.47913 1.54454 247.419 0.124679
88028373 0.636754 6.18658 2.0999 0.865877 63.6562 0.154925
88061292 0.439692 4.33474 2.53065 3.45007 280.247 0.119128
88081321 0.454657 3.30403 2.20078 3.10031 299.04 0.136829
88199173 0.241782 2.34519 2.86963 0.945389 141.56 0.147582
88244739 0.313392 2.50456 2.5234 2.31693 115.171 0.142783
88295541 0.587852 7.64683 2.49832 1.91684 88.4478 0.124419
88555732 0.517186 7.13898 2.7468 2.08447 121.13 0.112035
88620638 0.389489 3.5766 2.54687 1.11775 251.107 0.114838
88791751 0.435546 2.91935 2.15957 0.81238 253.797 0.144412
88820205 0.251493 2.85849 3.06398 0.341269 141.993 0.145554
88892908 0.321237 3.2852 2.79676 1.12777 207.22 0.126094
88913809 0.475119 3.32398 2.13365 1.37103 115.442 0.127545
88935090 0.468821 3.13107 2.10426 0.965788 231.951 0.129433
88983046 0.322425 2.87128 2.62951 1.23525 110.417 0.126843
89058416 0.451983 3.86361 2.359 0.404433 325.546 0.132234
89250454 0.31955 3.99492 3.06384 1.00104 163.491 0.148248
89414453 0.420871 3.4531 2.37316 0.713627 107.834 0.109842
89417937 0.624977 5.25063 2.00775 1.02779 280.398 0.120346
89466637 0.44936 3.50915 2.27605 0.451068 268.859 0.132892
89605734 0.441969 4.72191 2.61577 0.377137 335.776 0.118373
89624981 0.453416 3.08907 2.14573 0.425665 278.842 0.128536
89786528 0.415754 2.74486 2.17661 1.09902 237.368 0.144897
89902584 0.412549 3.75949 2.49674 0.79319 121.502 0.117177
90020707 0.388939 2.80533 2.29952 1.54389 106.678 0.136075
90072892 0.486827 3.76033 2.20095 1.1421 102.166 0.130252
90200488 0.549201 4.25976 2.0921 0.6171 29.4604 0.133184
90241396 0.611076 5.48645 2.09099 1.37678 39.6701 0.118867
90622028 0.267331 2.39347 2.72766 1.59281 161.938 0.138978
90770647 0.300349 2.7302 2.69077 2.7273 232.907 0.11227
90998642 0.280227 2.28077 2.59588 0.468592 160.011 0.138345
91213264 0.525206 3.73007 2.06213 0.61674 99.1723 0.126595
91213319 0.405362 2.49792 2.13181 1.15867 267.125 0.120919
91260208 0.498794 3.16402 2.01486 0.920767 279.596 0.138386
91290846 0.294977 2.78856 2.74687 1.37346 166.163 0.141678
91526638 0.428959 5.34784 2.82834 2.50994 266.125 0.137292
91558076 0.503432 3.1463 1.99593 0.902868 100.068 0.145851
91674788 0.224646 2.35722 3.0027 2.49778 126.013 0.114977
91682658 0.339809 2.58203 2.42834 1.75532 241.409 0.135994
91783259 0.553149 5.53498 2.31337 1.16126 230.955 0.1542
91962364 0.269011 2.1187 2.57634 0.63732 219.66 0.133882
92027795 0.417411 2.94749 2.23478 1.6084 270.065 0.146476
92060790 0.448428 3.61284 2.30742 1.24121 113.522 0.111122
92078539 0.422475 2.39038 2.03667 0.479936 268.401 0.134447
92285138 0.45161 4.29219 2.46827 1.4162 245.746 0.128825
92351045 0.334714 3.61522 2.84008 0.839198 111.111 0.140803
92351214 0.42467 2.40318 2.03374 1.03786 101.271 0.142325
92576554 0.382716 2.78674 2.31843 1.69993 132.133 0.13594
92714392 0.498672 4.6505 2.35704 5.10892 53.2412 0.145887
92764211 0.452943 2.78851 2.06113 1.95109 292.932 0.112909
93078490 0.458409 2.8279 2.05461 0.446714 49.2987 0.128753
93246886 0.31883 2.6495 2.55753 2.5553 114.177 0.134136
93413142 0.341736 3.51536 2.76618 0.628049 216.782 0.132308
93802726 0.32145 2.13629 2.32161 1.48896 253.041 0.117589
93892807 0.306241 2.80449 2.68955 1.60308 111.299 0.143081
93974237 0.440339 3.24481 2.23706 0.408942 284.77 0.108262
94040943 0.526104 6.46441 2.58906 3.34382 253.414 0.123086
94461936 0.548837 4.0197 2.04565 1.12777 261.202 0.117548
94587994 0.50221 3.81234 2.15851 2.29001 83.5574 0.128282
94986969 0.325131 4.51274 3.20116 1.26232 136.353 0.150707
95010597 0.411842 2.29095 2.03767 0.561276 96.8609 0.132911
95029863 0.455511 3.91185 2.35719 0.93327 89.4276 0.159862
95140971 0.204854 2.04219 2.96769 2.85258 113.277 0.111759
95259560 0.329965 2.1973 2.31133 0.888731 115.198 0.121962
95396170 0.253143 2.43068 2.83755 0.448948 188.758 0.15559
95610321 0.349881 3.84222 2.8319 1.0572 258.102 0.16295
95749327 0.38926 4.45137 2.80436 0.460357 69.306 0.116171
95875272 0.340901 3.71008 2.83786 1.24824 134.148 0.14012
95893558 0.471044 3.01028 2.06415 0.729 89.5889 0.150724
96092143 0.292059 2.5801 2.67103 1.27364 106.993 0.131198
96287685 0.490578 4.24964 2.3007 3.00501 242.69 0.123532
96303267 0.319719 4.50645 3.23558 2.78852 109.93 0.134338
96381420 0.290066 2.64632 2.71242 1.68984 197.742 0.130495
96798559 0.314813 4.81103 3.3692 0.996045 141.861 0.113991
96832813 0.270461 2.12944 2.57377 1.91619 245.614 0.148833
96926779 0.259852 2.36407 2.75936 0.770344 126.2 0.130399
97209637 0.233766 2.04991 2.75672 1.40129 113.073 0.142997
97321600 0.521522 4.32103 2.20108 0.745982 84.0473 0.123367
97345467 0.289041 2.08832 2.45297 2.10923 92.1668 0.141472
97524926 0.425408 2.70149 2.1282 1.16797 100.236 0.115486
97550767 0.444884 3.06838 2.17002 0.582202 105.89 0.109507
97938795 0.388053 3.72188 2.59801 0.357192 279.834 0.130873
97976776 0.342922 2.70189 2.4612 0.707782 120.166 0.133631
98052119 0.346812 3.41014 2.70241 0.366532 262.495 0.13481
98138503 0.235996 3.74095 3.60432 2.82407 86.4837 0.129453
98154295 0.39465 4.77836 2.86528 0.864938 207.466 0.129095
98456358 0.707147 7.38269 1.98438 5.82866 42.8997 0.138588
98472060 0.317316 4.18124 3.14261 2.83602 259.936 0.133937
98478287 0.496588 6.15445 2.66822 0.981918 135.296 0.142222
98545049 0.342918 4.63406 3.12408 2.69379 107.572 0.120917
98612670 0.3344 2.46391 2.40512 0.731225 237.609 0.115021
98625433 0.370677 2.0482 2.08752 0.504781 115.426 0.112315
98647032 0.238433 2.29472 2.86528 1.31353 164.31 0.119306
98656694 0.554591 3.89337 2.00181 1.68189 260.285 0.127429
98788173 0.302381 2.2961 2.48549 1.53302 217.233 0.132643
99007290 0.343344 3.94471 2.90254 1.60772 254.869 0.126433
99140411 0.359042 2.8895 2.45737 0.479636 119.927 0.138153
99378007 0.398314 2.28999 2.08316 0.928909 92.9838 0.147976
99624533 0.291727 2.50311 2.63772 1.24968 251.054 0.141584
99652458 0.406882 4.05936 2.60725 1.28423 262.373 0.123864
99961943 0.316366 2.05959 2.30888 0.900116 234.938 0.122528
100109288 0.325117 2.99383 2.66364 1.67313 236.596 0.137197
