20405 0.239315 2.72757 3.09034 1.3326 132.282 0.136644
23622 0.436471 3.24192 2.25078 0.599977 111.898 0.134298
114172 0.53255 4.74987 2.24713 1.4593 190.758 0.154788
169042 0.308519 2.28225 2.44858 0.29727 125.492 0.152685
206831 0.296359 2.07225 2.40842 2.4756 279.243 0.150811
224080 0.434345 4.29078 2.54329 0.668674 111.203 0.129883
252536 0.441824 2.97788 2.15463 0.978847 136.136 0.158283
316568 0.628784 6.79949 2.21237 1.84712 243.052 0.120298
337891 0.528077 5.08808 2.32968 1.48786 111.208 0.12705
347365 0.360122 3.65716 2.71634 0.559846 201.895 0.129469
355004 0.515288 4.55597 2.27288 1.53266 127.749 0.133336
495935 0.384816 2.5095 2.21182 0.651436 230.168 0.126755
713976 0.330474 2.07277 2.25382 0.489241 237.795 0.13778
794237 0.425685 3.72891 2.43131 0.501599 172.716 0.150346
803453 0.356055 3.61355 2.72317 0.835575 128.203 0.14824
817075 0.312217 2.43462 2.49872 0.621195 127.152 0.146528
861460 0.455946 3.74336 2.31238 1.12016 146.396 0.135486
1018639 0.305576 2.47803 2.5518 0.414881 169.416 0.138701
1034379 0.310675 2.19912 2.39995 0.341702 197.798 0.118802
1205822 0.346867 2.91332 2.52309 0.650294 235.357 0.147969
1309747 0.550674 5.90718 2.38754 0.687143 118.934 0.121962
1329345 0.375839 2.99914 2.42097 0.36901 97.1508 0.13094
1357574 0.53092 6.63928 2.59737 0.900718 102.831 0.121346
1380959 0.534491 4.56444 2.20356 0.887834 158.025 0.142044
1466896 0.465979 4.35924 2.42407 0.585111 91.2458 0.154688
1501811 0.383539 2.96497 2.37612 0.280046 62.3789 0.118278
1519903 0.702793 8.84135 2.14926 1.72321 293.365 0.120521
1612212 0.415458 4.61439 2.71527 0.810186 115.89 0.126423
1645011 0.374489 2.75237 2.34044 0.334838 240.106 0.136921
1674258 0.470012 4.18669 2.3667 0.401057 21.2204 0.135372
1739647 0.260747 2.90329 3.01853 0.583908 167.464 0.131273
1790607 0.301581 2.8004 2.71398 0.433018 143.853 0.130235
1843158 0.321946 4.28814 3.14828 1.92729 187.308 0.143903
1884152 0.393351 4.27832 2.73471 0.259352 260.445 0.144329
2143630 0.565947 6.97378 2.49578 2.9645 84.6439 0.146364
2165759 0.266562 3.54306 3.26021 0.290247 181.066 0.134456
2209875 0.378862 2.35271 2.1766 0.691861 222.807 0.133193
2340687 0.420889 3.35961 2.34583 0.516309 74.0928 0.120935
2340763 0.527856 5.74837 2.45398 0.994897 168.957 0.1227
2355453 0.366771 2.31051 2.20668 0.780411 230.206 0.137268
2386702 0.224548 2.56514 3.1207 0.501092 182.186 0.134796
2432928 0.430559 2.5875 2.07424 0.452085 117.483 0.128509
2520958 0.428584 4.18624 2.54199 2.53662 111.746 0.140943
2703621 0.603156 5.15432 2.06679 1.21647 44.6932 0.141563
2823108 0.353988 4.4906 3.01255 0.260959 174.222 0.126128
2841881 0.584247 5.85521 2.24654 0.741831 286.928 0.127749
2966469 0.325158 4.20293 3.09891 2.60586 270.248 0.131252
2998745 0.344149 2.50279 2.37697 0.27405 146.746 0.135225
3012938 0.420142 3.36783 2.35127 0.436554 256.521 0.133811
3027498 0.500783 3.83917 2.16968 0.52047 97.5641 0.136353
3038307 0.549918 3.9645 2.03104 2.14726 291.991 0.13677
3169023 0.373339 2.5106 2.25709 0.469784 130.23 0.141774
3175063 0.291009 2.13581 2.46655 3.31096 74.249 0.128726
3381033 0.361869 2.58652 2.3327 0.43915 152.575 0.142061
3400118 0.499429 6.1421 2.65264 2.84018 142.563 0.127119
3410289 0.351627 4.81613 3.12425 1.4429 130.229 0.129855
3457686 0.506419 3.59621 2.09413 0.543357 267.082 0.144599
3464399 0.323272 2.93246 2.64936 0.520076 117.78 0.12798
3511415 0.301308 2.86358 2.74237 1.97463 154.385 0.126238
3554477 0.208093 2.52069 3.23619 1.31914 196.323 0.115691
3582501 0.283222 2.51594 2.69215 1.28469 191.442 0.12854
3612462 0.67315 6.41482 1.99877 1.50805 160.74 0.13461
3882057 0.355205 2.58394 2.36028 0.531515 196.84 0.135418
3983090 0.333435 2.71669 2.51222 0.842455 115.551 0.135258
4055497 0.444632 2.68541 2.05781 0.649007 230.121 0.131052
4063349 0.448496 3.27406 2.21504 0.875632 120.845 0.14514
4099883 0.561688 7.18483 2.54696 0.7979 10.9267 0.148258
4167194 0.185821 2.2156 3.25393 2.53772 264.786 0.12729
4232311 0.435901 2.69639 2.0904 1.00814 109.021 0.129469
4394476 0.53586 4.15744 2.11692 1.55877 281.564 0.146412
4488990 0.381462 2.70227 2.29392 0.444841 183.366 0.126351
4663168 0.468835 3.21089 2.12559 3.21866 68.852 0.136687
4730159 0.642063 5.98795 2.0539 4.39036 313.762 0.131167
4852404 0.305923 2.65712 2.62846 1.40832 243.512 0.135392
4957938 0.392459 4.01185 2.66286 0.7194 200.574 0.131366
5186083 0.419769 2.99663 2.24109 0.467536 84.6573 0.132153
5212183 0.367407 3.22868 2.5376 0.761697 206.428 0.127791
5224596 0.264479 3.41776 3.22261 1.13863 236.076 0.1226
5276566 0.638261 6.02041 2.07182 0.93441 116.939 0.146335
5279690 0.423967 2.6452 2.11526 1.07384 142.059 0.126333
5294196 0.476936 6.04918 2.74128 0.427993 292.706 0.1348
5511340 0.32821 2.18559 2.31385 0.431208 155.108 0.144241
5656151 0.530434 4.342 2.1735 0.687369 57.3466 0.14297
5696699 0.440682 5.01319 2.69131 0.559801 70.3133 0.140803
6050574 0.374616 4.57202 2.91769 1.13852 207.445 0.11445
6061577 0.414671 2.75484 2.18379 0.394088 273.526 0.131537
6163874 0.283275 2.85398 2.84628 0.483585 151.58 0.141631
6337438 0.287945 2.16942 2.49901 1.10093 189.167 0.13298
6338057 0.258508 3.01906 3.08871 0.419795 202.735 0.126973
6375503 0.344016 3.38495 2.70831 1.59096 177.101 0.120916
6399022 0.471774 5.99897 2.75629 1.84842 176.307 0.156649
6431026 0.543206 8.34435 2.81021 1.8247 218.643 0.129654
6568207 0.474083 3.12336 2.08451 1.48742 85.6902 0.112092
6665287 0.561087 5.146 2.21491 0.549078 60.8075 0.126179
6779891 0.565395 7.20907 2.53412 0.626821 344.098 0.121285
6912822 0.293012 2.83514 2.77868 1.0755 225.485 0.133111
6948296 0.296802 2.95064 2.80556 0.842126 219.152 0.148323
6952690 0.577261 4.86408 2.1077 0.870007 314.322 0.156911
7095820 0.503013 7.1006 2.80996 1.84033 250.188 0.144061
7146538 0.306256 2.65536 2.62591 1.15968 168.913 0.117902
7188858 0.401155 2.25329 2.06012 0.342442 223.555 0.129981
7216727 0.451102 4.99118 2.63697 1.22325 175.548 0.117383
7236750 0.606788 6.2205 2.21616 0.925372 18.161 0.132723
7328865 0.357036 2.56824 2.34635 0.398173 92.9965 0.128607
7353937 0.408431 2.90421 2.25539 0.379117 96.2736 0.130915
7368272 0.376002 2.78263 2.34484 0.67438 256.911 0.123591
7684884 0.25572 2.31948 2.76247 0.634519 190.591 0.11855
7816210 0.31599 2.26724 2.40586 1.03287 137.841 0.121746
7825858 0.456972 4.74526 2.55328 0.78726 264.74 0.133004
7827572 0.431374 3.83132 2.43531 1.97276 99.9417 0.159488
7875050 0.596561 4.60637 1.99888 0.968476 51.5688 0.150764
7897485 0.429147 3.43307 2.33389 2.16889 81.2337 0.12319
8111074 0.413403 3.01215 2.27034 0.592037 257.328 0.121088
8139216 0.244746 2.28051 2.81384 0.668032 217.938 0.130202
8190677 0.483414 4.11213 2.29666 0.633849 141.736 0.124585
8232726 0.381095 3.50013 2.56215 0.273886 320.134 0.145397
8372059 0.394301 2.34682 2.11787 0.482389 131.832 0.13462
8451408 0.430134 2.81441 2.14687 0.551619 88.0462 0.131745
8512850 0.37063 3.3745 2.57111 0.538318 209.504 0.143248
8514487 0.255374 2.44181 2.82847 1.75356 163.78 0.143776
8648886 0.401017 4.30236 2.70308 0.457587 201.306 0.120232
8666501 0.587125 4.4256 1.99812 0.723403 56.7734 0.141691
8724225 0.378642 3.68534 2.63212 0.517678 167.919 0.128944
9027336 0.573484 5.66691 2.25721 0.696753 70.6193 0.129283
9091561 0.500068 3.89034 2.18395 1.462 266.437 0.14897
9160340 0.213768 2.18572 2.98653 1.84833 128.221 0.137424
9239027 0.342213 3.04864 2.59621 0.863345 108.666 0.114975
9388090 0.225321 2.00138 2.78592 0.434411 159.891 0.127514
9393921 0.31296 2.61856 2.57466 0.566846 236.003 0.121591
9446875 0.404906 4.05465 2.61525 0.814003 148.208 0.137667
9613625 0.397577 2.17602 2.0439 0.622796 277.807 0.13151
9730005 0.251942 2.91509 3.088 0.311623 192.358 0.14634
9739061 0.404626 2.86137 2.25624 0.61693 222.334 0.132424
9805546 0.307429 2.55103 2.57435 0.750307 159.155 0.142124
10107566 0.371905 3.00566 2.44059 0.902717 183.952 0.141681
10111523 0.377642 2.66427 2.29589 0.276691 320.097 0.126117
10163358 0.601586 5.78078 2.16998 1.81198 81.1419 0.116564
10180604 0.324827 2.18767 2.32971 0.999508 134.131 0.111463
10229427 0.607749 6.44758 2.24538 1.03906 118.556 0.119687
10232910 0.527863 4.53154 2.22115 0.535736 279.729 0.116531
10271084 0.502561 3.64547 2.11865 0.77653 220.468 0.133422
10320316 0.376051 2.26401 2.15333 0.75432 124.694 0.130571
10330415 0.390378 3.05818 2.37825 0.241575 248.149 0.148955
10335150 0.324836 2.72525 2.55827 0.934068 207.442 0.140816
10410131 0.608394 5.88545 2.16071 2.97885 279.929 0.136987
10434058 0.430878 6.95633 3.1731 0.850764 76.4113 0.108261
10471459 0.427969 2.42372 2.02977 0.532386 287.717 0.135543
10516873 0.435872 3.42591 2.30528 1.51972 150.006 0.129571
10629794 0.30553 2.03577 2.34684 0.362074 131.318 0.122086
10655947 0.380433 2.29607 2.14935 0.491807 126.233 0.128846
10711570 0.247179 2.83624 3.08521 0.442876 136.995 0.125836
10742473 0.501351 3.34443 2.05104 0.976373 108.586 0.141349
10759459 0.348062 3.64614 2.77665 0.559175 146.269 0.127144
10874670 0.615784 5.56233 2.08589 0.763855 78.5459 0.112905
10972499 0.294204 2.36165 2.5585 0.316046 176.798 0.153997
11016175 0.464374 3.64297 2.2544 0.370425 62.4269 0.152462
11025387 0.495566 7.66903 2.94731 2.52356 296.598 0.118141
11168569 0.452598 6.41563 2.93936 1.71865 123.365 0.129573
11178870 0.382467 3.53495 2.56669 1.48708 167.047 0.127828
11185215 0.53781 4.55471 2.18967 0.727209 208.127 0.132005
11190039 0.570504 6.45077 2.39515 0.657932 238.831 0.117315
11199659 0.32439 3.25001 2.76571 0.606046 184.466 0.158969
11318368 0.505765 3.35663 2.03972 0.709713 139.069 0.143912
11424186 0.475162 5.7494 2.68902 1.4047 79.8375 0.126019
11592247 0.486003 3.87035 2.23017 0.404085 251.013 0.121117
11643621 0.439834 3.65995 2.35406 0.37485 274.107 0.13785
11684429 0.378525 2.54994 2.25099 0.412821 129.91 0.127877
11698834 0.371141 3.44335 2.59128 0.262949 94.8891 0.125629
11719395 0.393423 2.12751 2.03974 0.514825 182.492 0.116302
11731488 0.508313 7.11849 2.78676 0.488304 323.338 0.131793
11747110 0.535811 3.9634 2.07701 0.595433 5.2571 0.130143
11790917 0.377764 2.41649 2.2047 1.44768 248.869 0.132162
11820883 0.431331 4.09447 2.5057 0.330248 265.829 0.129546
11910232 0.367695 2.59836 2.31271 0.80587 224.482 0.150956
11959878 0.263433 2.15014 2.6253 1.24162 147.857 0.133862
12103067 0.486796 3.62729 2.16897 2.36502 287.859 0.127788
12336948 0.409754 4.72145 2.77156 3.92888 230.162 0.15095
12540369 0.421406 2.98313 2.23075 2.19243 97.3865 0.11773
12590679 0.353865 2.21111 2.21759 0.730285 180.408 0.134178
12848656 0.298724 2.67701 2.67672 1.92459 143.007 0.125774
12961864 0.192934 2.45088 3.33657 2.6777 250.176 0.138305
13016324 0.370283 4.22139 2.83891 0.489003 118.238 0.125121
13122901 0.58293 4.43206 2.0128 0.871193 250.045 0.140483
13178409 0.441858 4.19077 2.48476 0.552045 96.0673 0.128182
13248878 0.290718 2.32857 2.56154 0.24318 96.2257 0.138261
13313404 0.391476 2.65166 2.23656 0.310925 134.981 0.153336
13329818 0.201144 2.2164 3.11174 0.811636 206.828 0.150419
13430470 0.529604 6.87627 2.64346 0.769508 330.984 0.134689
13525223 0.335673 2.58271 2.44781 0.844883 208.828 0.125788
13592753 0.676321 6.52604 2.00091 2.00546 319.455 0.139693
13688076 0.447808 4.28876 2.48371 3.69059 98.8345 0.130058
13694795 0.319385 2.6114 2.53876 2.99679 284.387 0.126729
13705210 0.290333 2.16328 2.48356 1.48361 265.937 0.135901
13721221 0.475545 5.8519 2.70816 3.18248 91.1758 0.135156
13738616 0.354954 2.99951 2.5162 1.71454 159.671 0.154141
13864866 0.34498 2.17004 2.23621 0.456283 161.665 0.132997
14148159 0.437633 4.95197 2.69142 1.00026 194.51 0.135477
14179725 0.585467 4.8171 2.07149 0.719631 138.87 0.1311
14388831 0.346378 2.89468 2.51847 0.954799 157.378 0.133033
14404469 0.507822 4.57629 2.30557 1.57798 268.211 0.133697
14439529 0.532517 3.85302 2.06466 0.56094 238.002 0.139907
14835573 0.58472 5.42924 2.17631 1.51589 115.619 0.124133
14874922 0.388 4.02986 2.69012 0.700538 201.836 0.149931
14904167 0.291832 2.88929 2.8092 0.688629 152.223 0.131964
14954687 0.40971 2.4425 2.09747 0.461752 290.279 0.12132
15014289 0.32692 2.70773 2.54071 1.74998 80.916 0.148544
15109972 0.304785 2.07939 2.37138 0.863194 255.042 0.139135
15117912 0.562329 6.6782 2.46538 2.2961 279.357 0.145781
15282922 0.381425 2.75554 2.31282 0.651643 154.063 0.129244
15333371 0.3549 4.50222 3.01065 1.04113 215.508 0.152429
15432569 0.489293 3.62381 2.15934 0.865051 129.15 0.121591
15656955 0.532332 5.38219 2.36828 0.723888 261.456 0.128572
15946320 0.267278 2.90616 2.97445 0.810169 208.836 0.126737
15959649 0.39557 5.07101 2.93749 1.51605 233.22 0.118614
16048207 0.531084 3.80982 2.06014 0.565176 299.864 0.112949
16203474 0.480013 2.9956 2.03111 1.63895 261.332 0.147604
16206329 0.365876 3.37016 2.59257 0.797068 143.911 0.139024
16230545 0.603247 6.34829 2.24847 2.25892 148.217 0.124404
16312837 0.366442 5.497 3.22248 0.926627 248.413 0.11712
16573269 0.307274 3.08734 2.8001 0.418193 143.617 0.129566
16629006 0.409428 2.21917 2.02023 0.666518 106.827 0.108421
16636804 0.414196 2.97264 2.25491 0.444113 98.1278 0.155776
16649516 0.31622 2.716 2.59871 0.582923 144.812 0.127457
16743183 0.482884 3.45355 2.1398 0.581736 121.618 0.122087
16900188 0.307741 2.63087 2.60739 0.30439 223.059 0.122111
17065740 0.452477 3.03405 2.13348 0.467126 102.955 0.134173
17082848 0.515244 3.4269 2.02595 1.29428 73.5133 0.144279
17093972 0.496759 4.07322 2.23757 1.41318 223.188 0.143195
17282828 0.424831 4.89252 2.73939 0.795275 95.2308 0.161536
17329472 0.32516 3.67175 2.9156 1.52582 222.621 0.13195
17362772 0.612156 7.18179 2.33035 0.751675 282.642 0.139274
17398710 0.563708 5.95893 2.34358 0.772233 289.144 0.1278
17487278 0.337608 3.90115 2.92138 3.08985 164.777 0.128525
17519884 0.256175 2.0058 2.58928 0.492551 163.525 0.127407
17575548 0.228312 2.79914 3.2158 0.756773 148.583 0.140149
17684404 0.435663 2.67454 2.08442 0.67054 130.256 0.127255
17712162 0.411763 4.49302 2.70166 0.859093 185.914 0.130685
17730404 0.307872 2.13329 2.38248 1.20443 222.189 0.144926
17853732 0.446266 3.12718 2.18188 0.728667 257.42 0.111725
17927902 0.30671 2.91226 2.73189 0.515993 172.058 0.120662
17977406 0.363473 2.61413 2.3363 0.922599 176.078 0.128479
18084744 0.250066 2.34929 2.81527 1.51032 227.131 0.116016
18132124 0.360004 2.11019 2.15215 0.925443 96.6635 0.124387
18140408 0.496266 5.33561 2.50923 0.786698 17.2719 0.141341
18162288 0.441879 3.29618 2.2458 1.93902 285.679 0.122296
18180584 0.378565 4.43113 2.85557 0.357767 126.833 0.136934
18218428 0.422332 2.68039 2.13228 0.381922 75.7851 0.147658
18374016 0.599547 7.24479 2.39151 1.36687 236.321 0.119951
18431192 0.51984 7.20889 2.74572 0.67858 196.032 0.130745
18574104 0.5568 4.00642 2.01727 1.21095 138.742 0.151542
18936638 0.471614 4.06581 2.33144 0.698748 200.115 0.129489
18955416 0.337062 2.08516 2.23192 0.468495 209.148 0.11201
19006912 0.411277 3.56447 2.44596 0.559324 224.375 0.128875
19009076 0.280705 2.46027 2.68043 0.459268 138.571 0.146218
19028848 0.307882 4.01128 3.14606 0.992119 162.902 0.156326
19039616 0.45136 3.2685 2.20302 0.295027 346.507 0.140886
19063188 0.556023 6.85581 2.52084 4.57607 40.0532 0.136762
19138184 0.359389 3.92792 2.80747 4.06501 71.3992 0.125608
19161250 0.510876 4.61676 2.30229 1.67202 127.221 0.115473
19181056 0.388111 2.48798 2.19154 0.39694 215.071 0.137492
19205790 0.484298 3.74028 2.20526 0.842386 223.96 0.11046
19338080 0.401339 2.89891 2.28135 1.6643 110.979 0.132487
19421744 0.458045 6.65731 2.95926 0.469925 207.851 0.126696
19439516 0.536272 3.83066 2.04764 0.444459 74.3484 0.125783
19510194 0.447334 3.35876 2.24276 0.420404 115.08 0.142605
19523336 0.332544 2.18323 2.29398 0.85697 233.925 0.113658
19545416 0.369944 3.92952 2.75187 1.08972 127.346 0.131383
19563260 0.331392 2.36105 2.3757 0.422507 127.13 0.13425
19594760 0.518393 3.81476 2.10343 0.442689 312.795 0.152185
19646136 0.425762 4.07818 2.52601 0.460618 312.574 0.152017
19724918 0.654639 7.10268 2.15115 3.33314 316.24 0.137836
19771848 0.449127 2.91152 2.10985 0.31774 332.743 0.130142
19852264 0.420597 4.09152 2.55279 1.32626 262.479 0.135361
19858286 0.354337 2.29473 2.24983 0.671994 155.617 0.159637
19902934 0.453447 6.05451 2.85972 1.15731 201.024 0.134538
19929136 0.538005 5.21506 2.31487 0.506936 68.3206 0.142116
19984446 0.304258 2.3644 2.50739 0.328472 174.494 0.116933
20131728 0.436923 3.30634 2.26745 0.385599 231.849 0.149768
20147354 0.632781 6.6109 2.17183 0.817112 52.1636 0.135511
20203952 0.55662 4.34464 2.08353 0.677768 65.0663 0.134569
20442040 0.38481 3.74199 2.61966 1.2446 248.022 0.139654
20522042 0.688796 7.49372 2.06545 1.24444 244.714 0.125667
20669524 0.446183 3.28378 2.22627 0.437794 131.307 0.140864
20691336 0.414938 2.71314 2.1693 0.359537 275.873 0.11755
20767126 0.371698 2.77232 2.35936 0.417557 261.577 0.136717
20886000 0.29672 2.99834 2.82612 0.579641 244.169 0.1174
20967276 0.366664 3.24258 2.54582 0.56849 242.859 0.144898
21054958 0.552534 4.149 2.05922 1.11117 296.35 0.138378
21252456 0.630436 8.14996 2.37863 2.38123 354.817 0.136113
21282274 0.320061 2.584 2.52385 0.242085 165.943 0.139798
21289792 0.430497 2.93887 2.18362 0.754049 197.765 0.136757
21323160 0.484786 3.42854 2.12699 1.26083 260.258 0.131072
21460928 0.401934 3.63623 2.50818 1.76938 124.194 0.141834
21673832 0.314744 3.30394 2.84141 2.32004 201.273 0.137432
21865632 0.31893 2.59728 2.53511 0.598952 140.539 0.138094
21944440 0.379363 3.36583 2.52722 1.49817 184.346 0.127751
22101694 0.385065 2.98576 2.37666 1.48223 114.112 0.150619
22250732 0.468843 4.73634 2.49924 1.67835 137.873 0.129562
22409404 0.452982 2.83454 2.07445 0.658461 133.41 0.123514
22434042 0.494255 3.64286 2.1466 1.35029 132.994 0.123219
22490756 0.397591 4.29292 2.71749 1.73245 136.698 0.149767
22539254 0.495156 3.29587 2.0593 0.698149 137.493 0.145127
22954264 0.528665 4.49864 2.21159 2.25814 130.715 0.113133
22960992 0.484931 4.51774 2.38304 0.596852 254.564 0.137937
23017790 0.572723 4.82799 2.11713 0.794472 35.979 0.141957
23056804 0.421631 3.63913 2.42328 0.529919 82.2521 0.130712
23066604 0.278336 2.44003 2.68455 0.562263 140.825 0.137997
23211742 0.425851 3.2577 2.29619 1.22668 232.652 0.123754
23280862 0.398772 4.69778 2.82192 0.308767 21.1615 0.126266
23291226 0.381494 3.15003 2.44692 1.28925 268.389 0.119165
23367900 0.508162 4.47485 2.28286 1.64993 100.019 0.109238
23504760 0.361725 2.82476 2.42172 0.758153 188.023 0.125368
23583188 0.289762 2.71269 2.74398 0.77603 144.894 0.121557
23794592 0.338756 2.17228 2.26287 0.273632 90.2758 0.131872
23840188 0.277782 2.29448 2.61646 0.327014 106.346 0.12986
23889132 0.222421 2.09934 2.86698 0.966914 195.282 0.129691
23921244 0.389 2.45243 2.1754 0.622873 209.949 0.117646
23989624 0.528958 4.41245 2.1931 0.598037 124.399 0.136779
24251396 0.591855 4.53297 2.00157 0.790075 3.73761 0.129888
24259616 0.596659 5.43394 2.13394 1.23612 319.51 0.125367
24314196 0.467241 4.6368 2.48341 2.74206 148.643 0.135367
24322412 0.39874 2.57891 2.18383 0.444239 149.907 0.137
24468656 0.457168 3.25678 2.17885 0.698753 100.682 0.123425
24486446 0.346574 2.44275 2.34219 1.17251 142.77 0.145611
24503812 0.233699 2.08259 2.77654 0.834106 177.233 0.125957
24864508 0.404726 3.41747 2.43039 0.597948 123.641 0.14358
24945546 0.420039 4.03659 2.54043 1.57112 186.374 0.120949
24999798 0.3171 3.94083 3.06059 0.447438 126.232 0.124668
25091062 0.381911 2.9172 2.36677 0.251673 95.2466 0.123145
25450120 0.439843 2.66475 2.06737 1.93093 285.526 0.14826
25471412 0.534352 4.6411 2.21917 1.66635 139.642 0.127333
25676062 0.398134 2.7407 2.24132 0.726068 240.274 0.13687
25702100 0.308147 2.69172 2.63131 1.1652 139.469 0.129376
26039474 0.401701 3.60572 2.50015 0.675189 117.637 0.131283
26109016 0.304259 2.50616 2.57121 0.225922 131.064 0.143308
26161226 0.391786 4.01028 2.6657 0.42248 87.5591 0.130005
26161482 0.476842 4.78642 2.47622 1.79834 81.2599 0.114597
26173500 0.405271 3.3527 2.4084 0.535376 198.346 0.144045
26187710 0.662588 8.2811 2.25773 2.29008 124.233 0.138196
26554428 0.422816 3.81892 2.46851 1.14773 232.808 0.124534
26578900 0.662584 6.5695 2.05568 2.20405 129.461 0.126364
26751912 0.398921 2.64346 2.20532 0.91462 114.659 0.148408
26905556 0.470372 4.18024 2.36373 0.633696 104.142 0.130223
26976544 0.348044 2.67671 2.42783 0.477954 188.848 0.154714
27217200 0.399775 2.53273 2.16403 0.458363 130.234 0.150162
27296520 0.365098 2.72173 2.36927 1.83517 115.067 0.131504
27441592 0.571795 8.4712 2.6878 2.80043 87.4476 0.113211
27548546 0.456439 3.87187 2.34334 0.318294 61.4422 0.143039
27758024 0.430309 3.33373 2.30085 0.443493 129.542 0.144304
27880160 0.340078 3.59115 2.8016 0.288712 199.023 0.137658
28126064 0.322248 3.43218 2.84586 0.908895 196.736 0.116993
28126354 0.483822 5.33891 2.56443 3.24256 300.124 0.122127
28186876 0.419506 5.20136 2.84214 1.42425 236.283 0.136225
28279648 0.302314 3.71196 3.07358 1.16647 185.361 0.146911
28304308 0.184615 2.14569 3.21826 2.22359 217.877 0.111176
28370572 0.6304 7.03644 2.23736 2.05289 132.169 0.162851
28576372 0.316092 2.12739 2.34164 0.37211 177.278 0.133694
28767248 0.518384 6.66315 2.65912 3.35306 140.536 0.120511
29061362 0.522768 6.95889 2.68944 0.538011 98.6821 0.117088
29072272 0.626165 6.29589 2.15387 1.25716 79.484 0.134029
29391524 0.377802 3.2572 2.49892 1.56162 108.482 0.129642
29467184 0.439388 4.763 2.63769 0.585475 149.995 0.145387
29573996 0.547644 5.12663 2.26163 0.848935 97.0263 0.143069
29629188 0.389219 2.34268 2.13462 0.392381 197.505 0.115759
29647808 0.270888 2.32859 2.67356 0.398586 183.915 0.126583
29911268 0.43514 2.95377 2.17133 0.400368 77.1724 0.14433
30145832 0.500608 3.30948 2.04494 0.675079 252.81 0.139579
30210170 0.497737 3.29657 2.05107 0.42313 217.672 0.148624
30245816 0.519306 6.9372 2.70218 1.32363 272.568 0.126403
30248390 0.409595 4.06783 2.5969 2.85225 84.1815 0.147739
30311778 0.261547 2.32702 2.72956 1.26144 147.572 0.147412
30324584 0.505006 3.48571 2.07291 0.823586 224.901 0.161171
30365086 0.574581 6.64445 2.4083 1.16682 141.479 0.122753
30664484 0.42069 2.99112 2.2359 0.259857 338.599 0.115061
30687016 0.411111 2.26118 2.02962 0.539196 226.398 0.127753
30699236 0.523852 3.90351 2.10438 0.646159 37.6188 0.129946
30779364 0.489386 3.10949 2.03094 1.74221 271.042 0.135293
30781708 0.477471 5.93693 2.71616 1.59964 253.206 0.137281
30886620 0.467121 2.98539 2.07027 1.73149 247.111 0.130492
31125120 0.32487 4.14261 3.08047 1.91569 213.251 0.136089
31330896 0.322316 3.54445 2.88664 1.61523 187.856 0.15057
31389032 0.749635 9.50963 2.01405 7.72764 92.0115 0.121293
31410514 0.300057 3.08131 2.84044 0.511011 119.009 0.137291
31507332 0.20712 2.27704 3.09793 0.365186 181.917 0.143356
31521948 0.271209 3.04873 3.01212 0.255268 213.075 0.139348
31551688 0.48467 3.79744 2.21766 0.528722 230.646 0.118232
31703580 0.544818 4.42503 2.13948 1.55001 124.029 0.124506
31820080 0.455428 3.79194 2.32691 0.451749 133.812 0.136993
31954002 0.367301 2.49324 2.27489 0.548036 257.06 0.134175
31975976 0.750637 10.7549 2.11025 4.46842 306.042 0.137629
32058140 0.429282 3.44208 2.33592 0.624383 158.942 0.145147
32168318 0.611472 9.35281 2.61211 2.6149 216.518 0.125983
32195092 0.497631 7.0743 2.83231 0.777194 104.852 0.127739
32314104 0.409531 2.7277 2.1939 1.25306 129.95 0.118542
32331404 0.353333 3.90988 2.83481 0.5945 128.679 0.128943
32340326 0.2664 2.82482 2.94265 1.38016 135.038 0.136869
32447980 0.589466 4.71991 2.04145 1.10215 322.428 0.142018
32480760 0.30391 2.86846 2.72954 0.677582 198.631 0.164268
32505196 0.560712 7.1347 2.54362 3.14029 247.601 0.140911
32587812 0.357845 2.58035 2.34751 1.0612 232.978 0.12126
32605716 0.509628 5.1965 2.42498 0.798441 294.383 0.130327
32653974 0.401193 2.83387 2.26055 1.01584 242.763 0.13371
32761478 0.410065 2.6191 2.15599 0.40836 136.727 0.135021
32814844 0.355646 3.24717 2.60068 0.614242 173.547 0.125102
32888084 0.484079 4.48928 2.38011 0.455831 44.2935 0.149649
32909416 0.661143 7.66931 2.19343 2.50283 254.723 0.150534
32987088 0.427831 4.23834 2.55902 0.653181 143.548 0.128473
33041932 0.324213 3.09864 2.70909 0.584594 157.561 0.144081
33150440 0.503858 3.67202 2.12041 0.471331 5.64917 0.122679
33206408 0.361054 2.70568 2.38086 0.263935 63.3676 0.128637
33274140 0.391795 2.4841 2.17636 0.40029 260.244 0.124726
33294704 0.425728 2.816 2.16308 0.364925 85.6663 0.144729
33413260 0.493049 3.33881 2.07685 0.624915 195.769 0.123355
33459088 0.23685 2.02883 2.72349 0.418319 200.136 0.150503
33572504 0.452784 3.56374 2.27758 3.2675 75.6776 0.146705
33648228 0.346494 2.39081 2.32154 0.355348 126.318 0.133167
33666536 0.502881 3.24183 2.02115 0.992332 253.688 0.136021
33707464 0.525982 5.67635 2.44865 0.485679 59.4112 0.130409
33711288 0.647198 5.68297 1.99456 1.21791 202.046 0.145915
33847416 0.45427 3.39615 2.22717 0.544866 138.178 0.143353
33875744 0.36831 2.67921 2.33997 0.571135 201.292 0.122265
33891996 0.489507 4.03367 2.25543 0.712309 190.877 0.142558
33896184 0.36225 2.50023 2.29828 0.409676 149.596 0.150583
33907168 0.46448 3.75188 2.28168 1.56366 238.655 0.127472
33955040 0.556708 7.1945 2.57083 1.87679 143.814 0.132524
34085564 0.562045 4.57835 2.109 1.54041 263.088 0.133555
34124080 0.345638 2.39184 2.32564 0.313912 93.3018 0.108439
34222056 0.386216 2.54974 2.22092 0.704051 157.089 0.146813
34412404 0.732719 8.81036 2.02341 1.95629 124.337 0.144323
34507064 0.484453 6.31541 2.75701 2.05083 83.3186 0.144369
34550844 0.31994 3.02102 2.70218 0.344093 199.49 0.12072
34607712 0.454038 4.72342 2.56126 1.0116 204.878 0.143201
34641820 0.486927 3.29438 2.08606 0.50161 259.871 0.128987
34749400 0.503652 3.46577 2.07265 0.779588 291.699 0.126742
34752800 0.593552 5.75268 2.19536 1.18498 243.675 0.139377
34852872 0.583657 4.74259 2.0648 0.608157 147.979 0.153366
34913120 0.640381 5.71731 2.02263 1.0534 160.664 0.112122
34923864 0.533832 3.84568 2.05878 0.662046 131.528 0.116691
35044896 0.331789 2.16979 2.29134 0.949182 100.909 0.134225
35205268 0.516412 3.32387 1.99824 0.529106 314.08 0.145044
35210532 0.316026 3.45341 2.89042 0.506165 133.617 0.127831
35398328 0.508261 3.96447 2.17163 0.740739 213.134 0.13067
35739984 0.468348 3.37768 2.17131 0.404559 60.5588 0.122815
35818804 0.507783 6.09259 2.60503 0.560633 329.099 0.147177
35844840 0.51469 4.66466 2.29755 1.47247 269.511 0.118794
35877444 0.627956 6.79894 2.21552 1.4707 263.969 0.143544
36040816 0.340163 3.53612 2.78202 0.382484 237.112 0.145387
36052688 0.392428 3.52963 2.51894 0.373543 243.173 0.118516
36101928 0.451552 2.88648 2.09433 0.43653 277.708 0.143707
36108912 0.572281 4.67756 2.09197 0.833144 85.5257 0.140624
36113420 0.328008 3.73791 2.92203 1.09152 215.532 0.143447
36253592 0.265834 2.62789 2.8527 0.466634 118.475 0.139121
36317192 0.636358 6.6748 2.16671 1.47329 41.4156 0.132369
36372568 0.53857 4.0476 2.08524 1.27141 218.721 0.131377
36415892 0.257391 2.87603 3.02954 2.36425 110.242 0.126646
36501832 0.351451 3.14842 2.58655 1.70174 200.66 0.143662
36567180 0.481182 6.25157 2.7606 1.1649 271.936 0.120865
36616660 0.586073 6.30271 2.30907 1.22055 218.326 0.137743
36668400 0.500363 4.67016 2.35451 0.900408 121.271 0.119354
36680344 0.603533 7.57779 2.42039 1.09573 119.646 0.131467
36751108 0.602795 5.54648 2.12959 1.0945 119.019 0.151463
36899816 0.49881 3.57745 2.11539 0.440026 180.711 0.130015
37008868 0.479368 3.0305 2.04248 0.588356 209.54 0.129059
37102864 0.459812 4.37203 2.45288 1.04423 90.1954 0.121369
37162624 0.539694 3.74371 2.01826 0.623918 167.677 0.126543
37201768 0.21709 2.25026 2.99928 1.48431 140.167 0.135538
37251740 0.513552 3.70469 2.09512 0.85883 104.421 0.140125
37383732 0.642225 6.46783 2.11743 4.68243 108.417 0.122937
37463388 0.396898 2.41763 2.13402 0.27886 298.891 0.120658
37786964 0.352412 2.92032 2.49934 0.256454 246.361 0.130484
38039004 0.360207 3.37838 2.62316 0.400659 216.73 0.133627
38066248 0.323887 3.85467 2.9878 0.537785 148.463 0.127269
38092160 0.284655 2.52947 2.69016 1.18338 216.686 0.152157
38108900 0.434264 2.79211 2.1255 0.400425 8.70239 0.144186
38174808 0.320329 4.3318 3.17357 1.4868 185.236 0.11589
38274112 0.51645 3.87196 2.12265 0.704947 82.5143 0.13721
38309956 0.352114 3.68237 2.76693 0.701076 110.708 0.138792
38370944 0.439077 2.58555 2.04534 0.490059 126.045 0.140999
38407480 0.484743 3.76808 2.21035 0.574928 104.276 0.133792
38618688 0.528228 6.65195 2.61177 0.764057 102.668 0.123746
38763972 0.411795 2.89626 2.23994 0.290859 111.228 0.130871
38780672 0.280111 2.89625 2.8851 0.497698 220.659 0.156476
39178300 0.234262 2.80882 3.17201 1.95818 118.213 0.151112
39185612 0.435882 2.58119 2.05449 1.1453 105.8 0.139648
39345556 0.356282 3.2789 2.60855 1.48499 156.565 0.129298
39519360 0.506753 4.32858 2.25689 1.01299 143.085 0.116348
39674028 0.310135 2.43587 2.50972 0.396413 244.545 0.1308
39688196 0.477945 4.11186 2.31769 1.23213 256.323 0.111244
39732112 0.315574 3.77869 3.01259 0.422797 134.241 0.139935
39812436 0.301427 2.29682 2.49065 0.618547 135.469 0.136145
39906232 0.448962 2.98412 2.13142 0.429101 275.856 0.140796
39944756 0.240878 2.29734 2.84963 0.623547 177.44 0.135568
40113152 0.395763 3.13519 2.38056 1.21371 173.378 0.134361
40159616 0.38137 2.74629 2.3098 0.349865 135.133 0.127013
40200552 0.35332 2.4544 2.3179 0.995295 128.335 0.134794
40358052 0.437253 4.24924 2.51975 0.885764 95.669 0.139875
40366876 0.536242 3.83716 2.04911 0.637737 237.607 0.140294
40461976 0.521009 6.00931 2.53082 1.31714 113.826 0.139504
40594080 0.516145 4.46291 2.25035 0.593278 328.688 0.137097
40738752 0.279401 2.64623 2.77583 1.52466 261.76 0.144623
40833672 0.377356 3.64375 2.62538 0.3036 216.15 0.11933
40864692 0.499811 7.24608 2.85165 1.42045 141.918 0.127137
40941320 0.42168 3.88544 2.49181 1.16546 279.26 0.135405
40999496 0.337376 2.32758 2.33492 0.639581 245.177 0.112822
41030696 0.461676 2.84711 2.04943 1.73659 106.73 0.132544
41150900 0.295263 2.41118 2.57592 0.849019 236.345 0.149207
41295664 0.481391 3.20722 2.08219 0.556619 220.566 0.140326
41321480 0.458667 3.22776 2.16561 0.636767 253.037 0.136679
41407952 0.361238 2.40408 2.26526 1.52464 254.631 0.146959
41445824 0.214226 2.0695 2.91054 1.0794 148.053 0.134968
41558048 0.465908 2.93301 2.05976 1.65068 108.617 0.132855
41560064 0.505102 4.64461 2.33048 1.48664 138.6 0.146514
41578568 0.396603 2.56758 2.18785 0.432994 131.486 0.13535
41586296 0.495214 3.18389 2.0312 0.68607 157.44 0.141013
41655460 0.443806 2.96149 2.14285 0.509952 153.239 0.130279
41902484 0.376743 4.14239 2.78087 0.379047 185.91 0.14049
41910080 0.515138 6.12278 2.57746 1.67635 90.5407 0.119025
41923948 0.334937 2.63848 2.47374 0.536075 115.66 0.142311
42128804 0.465459 4.28689 2.40904 1.46781 185.285 0.132156
42243736 0.218114 2.63238 3.21198 1.22913 174.277 0.150645
42333192 0.276307 3.32941 3.09849 1.97002 233.554 0.130714
42363192 0.319343 2.20808 2.36363 0.711003 122.469 0.107726
42734632 0.499513 5.61034 2.54983 1.30049 264.498 0.135063
42757236 0.514116 5.25848 2.41869 3.98506 271.886 0.122334
42780648 0.337969 3.31639 2.716 0.409001 134.252 0.152703
42842456 0.366596 3.60787 2.66721 0.429428 125.518 0.125866
43093276 0.3807 4.37635 2.82835 0.617004 216.77 0.137186
43137468 0.456357 3.42469 2.22712 0.479386 293.222 0.132367
43439820 0.381972 2.7018 2.29169 0.485484 89.4334 0.127371
43841916 0.420739 5.38448 2.87985 0.888388 202.506 0.131711
43843880 0.450512 3.78684 2.34503 0.611758 94.5882 0.153973
43887520 0.291229 2.03066 2.41297 0.731048 202.46 0.141128
43947592 0.397807 2.97716 2.32102 0.289048 22.0773 0.145479
43950060 0.360659 3.01199 2.49393 0.533601 238.6 0.121451
44024700 0.399053 4.4889 2.76412 1.13885 178.434 0.130223
44089992 0.510991 3.97027 2.16329 1.12151 226.661 0.146688
44094544 0.374314 4.25926 2.82842 2.01044 282.05 0.134227
44098052 0.592694 6.5988 2.32704 1.04574 117.195 0.132269
44110664 0.436637 4.70027 2.6353 0.996805 244.831 0.137777
44293432 0.407845 3.05947 2.30704 0.372711 321.284 0.15119
44318492 0.414789 2.91114 2.23329 0.295455 28.1621 0.134233
44350152 0.364533 2.37185 2.23943 0.618189 133.158 0.146062
44435164 0.370037 2.54544 2.28337 0.328769 271.763 0.132875
44593696 0.401927 3.20435 2.37665 0.424283 222.448 0.130319
44627396 0.35108 2.7462 2.44055 2.25024 81.5137 0.139029
44871836 0.283977 2.36733 2.61713 2.86333 69.4233 0.123735
44987160 0.346142 2.47855 2.35845 1.21722 115.469 0.121328
45057844 0.339743 2.96514 2.57736 1.49632 253.298 0.127158
45261916 0.53651 5.11372 2.30176 1.01138 111.474 0.113541
45348296 0.271937 2.2328 2.61883 1.04081 142.06 0.126595
45385432 0.33583 3.3583 2.74263 1.93443 163.439 0.132175
45528488 0.318664 3.65161 2.94752 1.42237 220.106 0.145973
45737952 0.564438 5.67615 2.29358 1.23254 234.192 0.145054
45792340 0.413382 3.51573 2.42269 1.03416 124.849 0.135705
45910528 0.338682 4.01689 2.95361 1.54537 112.741 0.139991
45986836 0.729541 8.7007 2.02631 1.65938 88.8386 0.149214
45994796 0.370532 2.45432 2.24718 0.32418 264.713 0.147931
46013592 0.373982 3.56459 2.61672 1.24012 183.262 0.133046
46108584 0.307955 5.07699 3.50564 0.646024 196.833 0.138155
46326792 0.352474 3.0159 2.53394 1.53209 244.503 0.132251
46635008 0.273727 2.11289 2.54684 0.248819 171.399 0.14261
46640372 0.32224 2.63675 2.53499 0.974676 158.734 0.126224
46727912 0.377775 2.02324 2.05251 0.421417 110.321 0.149859
46847280 0.375825 2.72123 2.32375 0.497168 150.08 0.116345
46865112 0.429955 3.31075 2.29561 1.00186 272.473 0.135448
46867536 0.262597 2.27109 2.69404 0.844986 157.681 0.143567
46908580 0.318914 3.6214 2.93503 0.476249 135.869 0.122432
47366584 0.308327 2.05949 2.3453 1.46736 260.17 0.124446
47472408 0.268302 4.62946 3.67499 1.95251 243.442 0.129046
47563176 0.418634 3.03319 2.25668 0.939922 133.914 0.135165
47749016 0.446116 4.54689 2.55453 2.51807 244.531 0.150618
47911096 0.386944 2.9187 2.34619 0.33767 302.118 0.145099
47942884 0.562089 4.43314 2.08185 1.5973 94.5184 0.130308
48031868 0.647423 7.68031 2.2501 0.841073 64.5898 0.113702
48104648 0.451781 2.73431 2.04899 0.3559 42.7364 0.140339
48175840 0.486499 3.11257 2.041 0.586796 58.9444 0.13682
48256208 0.320542 3.20516 2.77027 0.547101 145.126 0.123543
48259792 0.409535 3.58552 2.45966 0.645442 195.625 0.12652
48342436 0.375752 4.55065 2.90525 2.98466 196.135 0.117407
48463380 0.430194 2.68612 2.10671 0.611734 82.9561 0.124883
48558920 0.320506 2.60313 2.52966 0.768142 195.004 0.136083
48712072 0.570115 6.89051 2.46496 0.693071 287.778 0.147571
48750740 0.562419 5.46191 2.26493 3.41201 254.26 0.117875
48766776 0.489695 3.38361 2.09914 0.477356 283.436 0.154341
48822712 0.434604 2.74413 2.10958 1.09583 125.038 0.143082
48837320 0.560054 6.25783 2.40752 1.0061 153.834 0.118716
48849556 0.332796 3.78984 2.91177 0.409873 105.221 0.141111
48868192 0.485027 4.44379 2.36612 1.10524 196.019 0.127499
49077752 0.36727 3.65088 2.6777 1.55643 130.396 0.142047
49346576 0.483858 3.17569 2.0659 0.610572 274.482 0.115699
49395048 0.434749 2.53631 2.04402 0.365284 149.18 0.132688
49430244 0.280586 3.1144 2.97751 1.96091 117.76 0.132339
49466360 0.499338 5.21705 2.47209 1.69386 295.048 0.115876
49563088 0.425207 3.74971 2.4391 0.711161 252.227 0.111983
49729084 0.418011 2.84394 2.19998 1.86852 110.404 0.120505
49917280 0.247168 2.59667 2.96469 0.442029 220.214 0.133187
49918540 0.408727 3.36328 2.39703 1.06966 142.338 0.144171
50010744 0.384439 2.97435 2.37547 0.298211 221.356 0.118371
50031616 0.410191 2.49107 2.1124 0.33221 257.448 0.143244
50044564 0.410831 2.88664 2.24055 0.288556 107.032 0.125787
50055800 0.416923 3.61466 2.4363 0.686968 225.044 0.133287
50112040 0.272715 2.36024 2.67856 1.69586 206.238 0.140076
50177652 0.298965 2.05558 2.38756 0.853853 157.777 0.140161
50227412 0.529784 6.21061 2.52837 3.09734 43.91 0.132633
50233300 0.56585 4.19625 2.02483 1.54673 260.204 0.124419
50269816 0.451611 3.63867 2.30191 0.759499 122.402 0.153469
50278644 0.322754 2.31149 2.39387 0.386481 199.887 0.144203
50443548 0.444151 3.02194 2.15923 0.41867 142.68 0.12804
50501628 0.40305 3.3272 2.41002 0.455558 279.336 0.146986
50524064 0.243148 2.04188 2.69001 1.6721 113.939 0.139363
50546532 0.245822 2.28966 2.81158 0.438499 177.234 0.143561
50588828 0.401591 5.00801 2.88839 1.83883 271.664 0.148812
50639344 0.319848 3.22474 2.78168 2.17831 216.121 0.149171
50866580 0.552685 4.83502 2.18942 1.73534 270.477 0.134842
50965776 0.334971 2.82922 2.54898 0.353491 215.964 0.118488
50972068 0.245051 2.37264 2.86181 0.751523 160.831 0.138241
50999576 0.762028 10.2469 2.01999 2.6809 350.655 0.130379
51190596 0.295296 2.87727 2.7833 2.31598 255.504 0.12305
51203216 0.638061 5.77419 2.03857 1.27537 82.2918 0.126139
51225664 0.395056 2.30553 2.10019 0.605994 232.759 0.141106
51298432 0.359582 2.7199 2.3926 0.407216 238.514 0.133042
51339716 0.287347 2.16801 2.50145 0.68577 194.86 0.151705
51426132 0.565544 4.36543 2.05765 0.619892 63.6975 0.142672
51468932 0.247253 2.0591 2.67379 1.07796 134.074 0.127425
51501856 0.418906 4.85621 2.75984 0.770104 263.631 0.136048
51560772 0.404669 4.73846 2.80203 0.276173 106.264 0.128994
51561672 0.456889 4.29511 2.44663 0.409592 226.914 0.106149
51602616 0.428276 3.00052 2.2104 0.316198 270.52 0.130548
51689292 0.40748 3.49303 2.44123 1.08418 217.641 0.123927
51710784 0.4251 2.57008 2.08713 0.838793 94.1278 0.117196
51756992 0.326895 2.20358 2.3276 0.700534 134.626 0.13291
51766624 0.392328 2.36989 2.13332 0.241621 311.546 0.144267
51768616 0.425989 4.45899 2.62464 0.620903 91.7981 0.12816
51806084 0.457953 4.7799 2.55695 0.662353 250.164 0.13458
51822860 0.67676 8.25771 2.19647 2.18898 20.5462 0.154506
51842936 0.552017 4.67668 2.16233 1.47465 263.181 0.136249
51963992 0.345592 3.33244 2.68153 0.286358 76.4472 0.129566
51969088 0.457736 4.52445 2.49806 0.444598 283.953 0.116769
52005888 0.305872 2.27495 2.45825 0.346922 145.653 0.128549
52077348 0.43899 3.13076 2.20937 1.81912 106.967 0.135092
52360952 0.270887 2.0804 2.54557 2.13836 119.491 0.121509
52380776 0.293911 2.81003 2.76245 0.401794 149.537 0.146486
52388284 0.59775 6.21306 2.24975 0.770262 193.012 0.133171
52489992 0.271095 4.22645 3.49917 2.58315 132.55 0.140838
52617804 0.44871 2.97927 2.13089 2.23782 265.667 0.12799
52618620 0.417366 4.31064 2.62639 0.758639 174.431 0.132606
52635216 0.493821 6.16795 2.68378 0.722235 87.7167 0.119487
52894324 0.259341 2.04767 2.59391 0.963761 167.624 0.114848
52983316 0.445024 5.95382 2.88187 0.340398 245.15 0.129648
53104780 0.316452 3.14973 2.77199 0.787975 142.474 0.122988
53259784 0.520658 7.46425 2.78429 1.05444 93.4096 0.130468
53347040 0.545463 4.93732 2.23487 0.573293 245.318 0.103726
53361044 0.467478 3.21191 2.13053 0.686125 153.235 0.127015
53362352 0.382534 2.888 2.35415 0.323504 199.051 0.139304
53382968 0.24525 3.68761 3.49698 1.58391 154.969 0.126268
53474844 0.372816 4.10397 2.79006 0.594944 130.227 0.138919
53510956 0.374203 3.3987 2.56206 0.419447 240.734 0.109982
53725400 0.446252 2.93672 2.12708 0.601826 80.1808 0.137001
53756064 0.349928 2.67358 2.41809 0.597295 115.663 0.140356
54001128 0.475013 3.94842 2.29002 1.4642 79.356 0.128983
54099500 0.280319 3.59972 3.18153 0.443682 137.33 0.136756
54146108 0.372172 2.00941 2.06642 0.435668 107.259 0.123485
54178676 0.531161 4.36282 2.17515 0.49256 22.8845 0.13468
54180200 0.520004 6.98602 2.70719 0.761941 192.063 0.114698
54458616 0.268935 2.33168 2.68677 0.315208 238.461 0.139106
54571588 0.394564 4.37508 2.75566 0.599461 79.3574 0.138033
54611528 0.361655 4.77497 3.05098 2.30172 119.654 0.145681
54678032 0.324134 3.65632 2.91622 0.315367 222.697 0.136743
54704640 0.412421 3.75939 2.49727 1.02381 247.868 0.127003
54734160 0.303322 2.26312 2.46543 0.304427 223.046 0.138226
54757784 0.522518 3.55504 2.03199 0.488709 266.337 0.120867
54819808 0.56124 5.33204 2.24695 2.00375 134.005 0.125229
54849864 0.438353 2.63775 2.06398 0.668536 206.725 0.139829
54853076 0.2493 2.44164 2.86927 0.497021 135.114 0.126881
54977632 0.438091 2.51346 2.02588 0.387946 289.794 0.12644
54988560 0.438635 3.21991 2.23634 0.40013 70.002 0.130911
55051612 0.415352 4.79631 2.76254 0.439755 223.036 0.129912
55074256 0.366177 3.47173 2.62481 1.46709 122.377 0.143639
55116296 0.506513 5.64803 2.52649 1.06214 88.4751 0.130485
55147476 0.542319 5.74585 2.39363 0.793796 144.286 0.126592
55527012 0.276804 3.40678 3.12748 1.63692 158.449 0.158318
55534432 0.475154 3.96941 2.29453 1.89902 118.051 0.12794
55656984 0.42866 2.65843 2.10324 0.754834 119.348 0.137893
55668220 0.584193 4.83659 2.07915 1.07793 104.329 0.125217
55756756 0.312178 2.9254 2.70664 0.90812 124.144 0.130573
55780976 0.516702 3.60154 2.06132 0.72068 206.319 0.131431
55811400 0.281528 2.50752 2.69808 0.561483 207.312 0.134894
55822424 0.392749 5.46833 3.05536 0.36085 57.1763 0.126444
56120704 0.305591 2.62357 2.61573 3.35639 79.6534 0.134043
56122848 0.369527 2.75733 2.36322 1.23399 245.736 0.125039
56224752 0.419767 3.19599 2.30176 1.10435 244.787 0.12835
56514296 0.247104 2.067 2.67923 0.672614 179.645 0.145391
56526736 0.409617 3.3262 2.38211 0.387261 205.201 0.144765
56691452 0.247433 2.1559 2.72718 1.0378 235.452 0.133208
56770568 0.362882 2.68179 2.36407 0.593139 206.035 0.139344
56843824 0.425019 3.22542 2.28994 1.08614 112.589 0.134309
56855948 0.318582 2.9879 2.69652 0.419566 219.92 0.136306
56865724 0.28081 2.76211 2.82037 0.569734 172.835 0.142022
57012856 0.39605 3.25358 2.41699 0.976758 237.234 0.123913
57042736 0.373408 2.04315 2.07577 0.921321 107.934 0.138574
57043024 0.333489 2.30079 2.34066 0.406392 182.357 0.139955
57129812 0.490958 4.58498 2.37365 0.552473 138.119 0.144157
57221440 0.350283 2.59849 2.38749 0.820795 148.051 0.12567
57246236 0.251409 2.03964 2.63696 0.554951 133.113 0.147195
57373420 0.413287 4.54095 2.70681 0.428683 188.625 0.143041
57471476 0.481301 3.16518 2.07159 0.960945 224.156 0.135596
57615756 0.326013 2.31333 2.37967 0.594836 146.302 0.162405
57649248 0.474995 4.02885 2.30941 0.523027 238.078 0.127857
57691436 0.233743 2.11011 2.79244 0.34066 186.612 0.134051
57717076 0.394735 2.65585 2.22547 0.348459 212.031 0.129412
57844664 0.686281 7.42943 2.06799 1.81401 279.963 0.137234
58146304 0.398699 2.20894 2.05226 0.614358 246.79 0.119942
58207408 0.44427 3.14212 2.19335 0.415838 216.906 0.134485
58285764 0.310634 2.52629 2.54691 0.297872 144.932 0.13961
58328748 0.455211 2.59477 1.99643 0.510315 250.072 0.125827
58355868 0.484652 3.27668 2.08915 0.749 129.06 0.136548
58379384 0.335826 2.13561 2.25921 0.629466 182.324 0.128333
58414052 0.263447 2.08384 2.58968 0.773205 135.23 0.109135
58517128 0.418539 3.10285 2.27838 0.874316 265.608 0.123581
58561720 0.476663 3.58586 2.19484 1.68506 113.103 0.146447
58637832 0.411955 5.139 2.86636 0.595878 275.289 0.137108
58672620 0.537501 8.33711 2.83798 1.07897 100.151 0.125551
58759936 0.506496 3.16899 1.992 0.447941 276.832 0.126762
58782728 0.307019 3.90276 3.11278 0.794701 174.22 0.120331
58939928 0.369336 2.06558 2.09939 0.354209 259.002 0.130116
58968392 0.456533 3.00415 2.11106 0.400299 89.3511 0.130829
58988048 0.581268 4.80096 2.08299 0.645899 294.142 0.149812
59125284 0.439224 4.06768 2.46449 0.529507 133.891 0.149145
59243784 0.294528 4.39852 3.37875 0.221313 161.203 0.125621
59268952 0.364831 4.78143 3.03394 0.603469 85.0821 0.140613
59435592 0.465911 5.05466 2.58354 1.85773 115.833 0.137364
59438664 0.317549 2.29445 2.41069 0.349668 150.841 0.135046
59448436 0.681195 7.58867 2.10521 1.8981 122.504 0.128523
59467060 0.279419 2.31014 2.61493 1.27494 122.772 0.120703
59518104 0.470316 3.29456 2.14261 0.639654 227.101 0.123405
59572220 0.558251 4.20384 2.05107 0.988158 137.824 0.132036
59614060 0.328997 2.5946 2.48438 0.497759 192.543 0.143309
59625160 0.393978 4.02156 2.65826 1.00631 154.377 0.142767
59720912 0.332523 2.5561 2.45178 1.86477 122.82 0.132963
59819936 0.263452 3.3521 3.20188 1.88472 222.867 0.123878
59909168 0.349368 2.30924 2.27616 0.419068 142.688 0.126757
59927784 0.349111 2.18464 2.22563 0.287338 257.859 0.136166
59942736 0.422455 2.44724 2.05573 0.64371 121.466 0.120459
60204092 0.449161 6.68711 3.01351 1.73714 214.861 0.145733
60255140 0.347776 5.86039 3.44544 0.802228 93.5806 0.119479
60266544 0.659827 6.60289 2.06989 2.40648 66.2736 0.142781
60314896 0.364393 3.20296 2.54308 1.69673 254.574 0.154744
60380704 0.563512 6.55479 2.44082 0.749648 102.51 0.133002
60671636 0.228912 2.00575 2.76346 1.52677 206.273 0.129701
61172592 0.416992 5.52571 2.9336 0.284696 26.066 0.144994
61265164 0.417787 2.78611 2.18242 1.27896 241.524 0.12655
61299696 0.383114 2.07934 2.05633 0.745364 107.25 0.129297
61389112 0.504176 6.53737 2.7036 0.694972 11.7664 0.132843
61550776 0.392695 2.32031 2.11394 0.51551 204.494 0.13463
61815048 0.422683 2.49747 2.07159 0.305805 230.705 0.135591
61830984 0.301662 2.35725 2.5174 1.31226 129.828 0.126262
61887100 0.290759 2.17092 2.48512 1.25242 218.675 0.129885
61900888 0.298473 2.95079 2.79568 1.05538 176.89 0.129871
61982876 0.599844 4.68451 2.00135 0.655162 220.228 0.132198
62170236 0.456149 3.59635 2.27336 0.663863 98.3558 0.126529
62178416 0.330537 2.16487 2.29457 0.437766 127.285 0.138283
62419252 0.431674 3.6949 2.39686 0.485866 126.23 0.138464
62449800 0.33548 2.61212 2.46058 1.26272 198.128 0.143299
62544872 0.520163 5.85481 2.50624 1.81602 111.629 0.135357
62565124 0.484761 4.43368 2.36491 3.02354 82.8878 0.131539
62665672 0.40794 4.96011 2.84239 0.305236 106.553 0.135721
62698028 0.389788 3.59222 2.55029 0.762803 157.297 0.14172
63005768 0.225954 2.23075 2.91928 1.67369 231.333 0.140016
63154916 0.42965 5.59113 2.8814 0.362314 245.775 0.126974
63302116 0.33063 2.22257 2.31949 0.240987 261.381 0.132732
63380904 0.299906 2.38513 2.53932 0.38127 222.132 0.115823
63390532 0.399756 4.11881 2.65798 0.356119 83.0903 0.121816
63391088 0.438278 2.78098 2.10823 0.366431 283.972 0.147583
63501724 0.439059 3.09484 2.19871 0.705229 111.556 0.117974
63602260 0.543072 4.06605 2.07399 0.891773 214.552 0.122752
63611952 0.446627 3.44601 2.26936 0.430796 207.102 0.114703
63612588 0.541967 3.60391 1.98145 0.543819 298.401 0.13942
63784484 0.615614 7.30437 2.33263 1.42829 269.151 0.131218
63846688 0.49283 4.50563 2.34885 0.46291 114.811 0.132658
64403224 0.428819 2.92405 2.18521 0.610005 123.236 0.145479
64477488 0.349743 3.07439 2.56835 0.965891 136.365 0.118761
64480792 0.414422 6.23877 3.1138 1.79447 95.168 0.1469
64554012 0.269564 2.34412 2.68928 0.876722 218.516 0.129151
64648288 0.500658 5.59059 2.54092 1.35423 190.202 0.132075
64653412 0.436807 3.87504 2.42417 0.718132 200.456 0.139228
64675484 0.3172 2.73934 2.60327 0.799167 201.349 0.114566
64861436 0.231396 2.3305 2.93621 1.20976 204.045 0.14292
64951700 0.329468 4.29233 3.10098 0.428273 195.36 0.125451
64957560 0.272819 2.56256 2.77681 2.54423 231.529 0.144128
65130180 0.421961 2.45591 2.06026 0.549194 98.9191 0.150175
65137768 0.394089 3.91776 2.62753 0.435096 229.927 0.143621
65220656 0.505043 3.55522 2.08916 0.953663 207.952 0.122603
65306116 0.262769 2.63748 2.87752 0.783779 195.709 0.138584
65374636 0.480986 5.34758 2.5789 0.858296 127.83 0.141216
65385028 0.500297 5.32966 2.49072 0.627705 358.991 0.139552
65402760 0.260547 2.09873 2.61471 0.43022 138.147 0.135709
65482836 0.525494 4.31814 2.18621 1.791 147.876 0.11189
65514144 0.628104 5.90736 2.09238 0.881022 281.29 0.145255
65546000 0.455125 2.96104 2.10364 1.3418 231.798 0.134532
65569612 0.353984 3.48451 2.69064 3.14313 271.138 0.120494
65661224 0.438255 2.59924 2.05232 0.850418 233.262 0.130909
65699072 0.397654 2.30127 2.08955 0.788797 117.544 0.133147
65768308 0.364785 3.15514 2.52478 0.282926 223.369 0.12419
65872352 0.393207 2.07966 2.02229 0.777338 221.736 0.12515
66001032 0.316469 2.428 2.47477 0.440984 185.591 0.131295
66033728 0.480516 6.47719 2.80764 0.861818 113.309 0.136398
66247328 0.405435 3.71819 2.51655 1.30358 126.332 0.130922
66254988 0.700878 7.72906 2.04425 1.25766 144.053 0.147925
66360156 0.37927 2.93304 2.38342 0.655694 110.401 0.135575
66469664 0.538892 4.11919 2.09881 0.927255 255.069 0.129177
66506668 0.581235 5.98542 2.27875 0.596632 155.766 0.145278
66579536 0.26325 2.19985 2.65274 1.76517 255.861 0.108704
66646444 0.387924 2.226 2.09585 0.56991 126.276 0.139337
66673568 0.390731 2.38327 2.14397 0.237867 75.7357 0.15461
66705804 0.402799 4.24661 2.6789 0.282633 259.559 0.13192
66711544 0.325403 2.81485 2.5915 1.35345 185.347 0.154559
66722080 0.349249 3.67973 2.7815 3.95705 96.0207 0.133361
66927008 0.50562 4.99227 2.40034 0.943455 105.829 0.137067
66932072 0.334104 3.80861 2.91053 0.880355 202.754 0.135896
66997064 0.333531 3.92608 2.9539 0.896212 131.174 0.114016
67024516 0.586126 5.18585 2.13124 2.23649 100.237 0.106788
67040492 0.325393 2.05191 2.26592 0.462894 116.512 0.137446
67046560 0.440841 3.31924 2.2562 1.01548 147.793 0.132601
67150016 0.327257 3.06247 2.67878 0.595762 115.911 0.12377
67187760 0.376595 5.03613 3.03595 1.6337 255.562 0.112675
67204144 0.349757 2.37049 2.29944 0.816755 111.039 0.133045
67251296 0.466874 3.80516 2.28593 1.85446 139.548 0.109925
67276720 0.436504 3.54021 2.33464 0.476001 255.975 0.14218
67305776 0.418136 3.82947 2.49185 1.18494 203.293 0.124921
67327936 0.499395 3.93331 2.19618 1.12008 278.048 0.128023
67378680 0.248006 2.39602 2.85403 0.325011 209.848 0.107782
67636256 0.633243 6.97734 2.21843 1.52016 319.693 0.147477
67647720 0.357193 2.89835 2.46906 0.36358 269.478 0.136322
67674400 0.35395 2.27958 2.24526 0.268068 105.127 0.142927
67790776 0.277364 3.50849 3.16564 0.338457 127.593 0.118591
67795944 0.307441 4.43323 3.2965 0.640976 190.424 0.13467
67817088 0.573906 6.83514 2.4403 0.603473 173.069 0.135697
68087640 0.309373 3.31606 2.87801 1.30736 203.196 0.106545
68114408 0.382147 3.25732 2.47927 0.397717 144.149 0.145976
68223728 0.555231 7.44029 2.61542 0.956871 114.466 0.132428
68276744 0.383359 3.22635 2.46374 0.458215 132.65 0.135512
68297784 0.357863 2.94523 2.48298 0.416243 193.865 0.136492
68314072 0.532424 4.12597 2.12221 0.861376 278.365 0.126123
68400376 0.29379 2.77527 2.748 0.713616 166.567 0.13991
68450264 0.393265 4.37196 2.76142 0.300785 283.798 0.135354
68508216 0.319643 2.21169 2.36388 0.681231 155.868 0.138193
68525696 0.315342 2.81688 2.64504 0.999633 226.617 0.155687
68529576 0.527116 4.18672 2.15321 1.56743 257.117 0.114901
68612992 0.431581 2.85659 2.15468 2.12509 269.897 0.119231
68729568 0.364364 2.30659 2.21455 0.412912 112.816 0.143676
68781968 0.307278 2.58864 2.59155 1.06567 178.688 0.12943
68820056 0.472725 3.83286 2.27057 0.794954 180.243 0.123887
68846864 0.386242 5.21782 3.02849 2.12857 261.245 0.155652
68914400 0.360203 2.3284 2.23966 0.827069 142.488 0.116198
68945240 0.48685 6.57076 2.79393 0.938811 137.534 0.129513
68997792 0.532428 5.96487 2.47359 1.03435 267.809 0.151318
69111184 0.29688 2.06034 2.4 0.299996 222.353 0.137768
69258952 0.549892 4.7753 2.18841 0.751909 137.411 0.128944
69282200 0.35485 2.7512 2.42534 0.804302 234.455 0.117526
69343584 0.408589 2.36855 2.07574 0.48692 127.523 0.137093
69345152 0.258282 2.67618 2.92671 0.885375 202.135 0.119254
69588816 0.425071 3.58607 2.39388 0.833572 126.857 0.129757
69628960 0.376322 2.70467 2.31577 0.38815 261.59 0.136174
69779136 0.514972 3.5121 2.04652 1.35131 129.432 0.14917
69855376 0.466321 2.89311 2.04728 0.8349 133.495 0.147202
69975416 0.33449 2.69975 2.50037 0.583756 98.7605 0.13639
69989216 0.472157 4.2058 2.36266 2.58314 278.509 0.12842
70023344 0.451827 3.16162 2.17167 0.635456 189.48 0.145529
70102144 0.634052 7.23356 2.24839 0.932232 290.97 0.124873
70104640 0.491458 4.45596 2.34333 0.790569 120.549 0.131685
70173296 0.342264 2.40804 2.3469 0.480525 212.499 0.145772
70187856 0.376812 4.45764 2.87274 0.468452 85.6223 0.137881
70230872 0.519274 4.11193 2.16496 1.74465 113.788 0.131283
70298864 0.382385 2.84538 2.34011 0.720023 123.296 0.108226
70535096 0.525187 4.01579 2.1239 0.953834 123.675 0.142944
70604920 0.450003 4.30192 2.47754 1.79988 286.81 0.145193
70685744 0.57223 5.18935 2.18166 1.19703 133.35 0.11181
70689232 0.282296 2.61142 2.74218 1.56405 171.237 0.125336
70721280 0.500102 5.64395 2.55382 2.22655 110.061 0.134393
70796416 0.365412 3.51282 2.64213 0.33006 67.8023 0.138096
70822792 0.637115 5.73567 2.03648 1.16693 55.7924 0.147251
70872672 0.328107 2.44205 2.42511 0.831092 152.911 0.142387
70990952 0.294889 2.35177 2.55023 0.541027 129.537 0.125312
71044408 0.379852 2.64786 2.28107 0.359309 94.6538 0.143756
71119464 0.327698 3.70473 2.9122 0.451075 109.002 0.147786
71250128 0.493083 6.19566 2.69255 1.16589 241.138 0.118045
71256944 0.56993 4.57582 2.08165 0.758806 64.3702 0.11789
71470368 0.388759 3.42073 2.50175 1.63932 161.417 0.128143
71499416 0.400255 3.4129 2.44832 0.55954 193.132 0.132268
71646352 0.292228 2.63492 2.69483 1.40178 180.91 0.125112
72222536 0.347894 2.97701 2.54177 0.363225 172.123 0.117322
72245720 0.308375 3.08602 2.79315 0.452643 176.442 0.123999
72262416 0.59957 4.95293 2.04651 0.793902 111.41 0.115817
72346328 0.499588 4.70022 2.36397 2.28242 225.241 0.126288
72354176 0.364797 3.07969 2.49857 0.712291 112.513 0.143913
72500368 0.483852 4.76343 2.44166 3.12903 162.187 0.104313
72558392 0.40942 2.308 2.05173 0.502019 257.575 0.15657
72563584 0.365157 2.46292 2.27206 0.254271 115.858 0.148558
72612512 0.438187 4.15859 2.49243 0.450518 113.14 0.137836
72832016 0.421988 2.68692 2.13559 0.333305 83.4775 0.122998
72861544 0.510314 3.91271 2.15288 0.526987 60.7855 0.135957
72906800 0.379782 3.78895 2.65858 0.606168 196.019 0.1477
72908568 0.346371 2.93559 2.53378 0.790864 133.091 0.146403
72913408 0.670536 9.13072 2.31661 2.81634 131.833 0.131267
73005712 0.421646 2.79736 2.17195 0.446392 237.015 0.137633
73078424 0.299809 2.70011 2.68073 3.10496 242.905 0.137004
73090408 0.462778 3.65091 2.26243 0.573203 262.398 0.129287
73122016 0.490619 4.15822 2.27982 0.559046 0.89065 0.124748
73251712 0.240007 2.49333 2.96236 1.03599 142.435 0.136006
73318072 0.486013 4.31668 2.33356 1.24064 94.8402 0.126986
